2025-07-04 15:49:11 - UNKNOWN - [main] INFO  c.l.auth.AuthServerApplication:53 - Starting AuthServerApplication using Java 17.0.8 with PID 11700 (D:\java\Auth-Server\build\classes\java\main started by ashis in D:\java\Auth-Server)
2025-07-04 15:49:11 - UNKNOWN - [main] INFO  c.l.auth.AuthServerApplication:53 - Starting AuthServerApplication using Java 17.0.8 with PID 11700 (D:\java\Auth-Server\build\classes\java\main started by ashis in D:\java\Auth-Server)
2025-07-04 15:49:11 - UNKNOWN - [main] DEBUG c.l.auth.AuthServerApplication:54 - Running with Spring Boot v3.5.3, Spring v6.2.8
2025-07-04 15:49:11 - UNKNOWN - [main] DEBUG c.l.auth.AuthServerApplication:54 - Running with Spring Boot v3.5.3, Spring v6.2.8
2025-07-04 15:49:11 - UNKNOWN - [main] INFO  c.l.auth.AuthServerApplication:652 - No active profile set, falling back to 1 default profile: "default"
2025-07-04 15:49:11 - UNKNOWN - [main] INFO  c.l.auth.AuthServerApplication:652 - No active profile set, falling back to 1 default profile: "default"
2025-07-04 15:49:13 - UNKNOWN - [main] INFO  o.s.d.r.c.RepositoryConfigurationDelegate:145 - Bootstrapping Spring Data MongoDB repositories in DEFAULT mode.
2025-07-04 15:49:13 - UNKNOWN - [main] INFO  o.s.d.r.c.RepositoryConfigurationDelegate:213 - Finished Spring Data repository scanning in 106 ms. Found 3 MongoDB repository interfaces.
2025-07-04 15:49:14 - UNKNOWN - [main] INFO  o.s.b.w.e.tomcat.TomcatWebServer:111 - Tomcat initialized with port 8081 (http)
2025-07-04 15:49:14 - UNKNOWN - [main] INFO  o.a.coyote.http11.Http11NioProtocol:168 - Initializing ProtocolHandler ["http-nio-8081"]
2025-07-04 15:49:14 - UNKNOWN - [main] INFO  o.a.catalina.core.StandardService:168 - Starting service [Tomcat]
2025-07-04 15:49:14 - UNKNOWN - [main] INFO  o.a.catalina.core.StandardEngine:168 - Starting Servlet engine: [Apache Tomcat/10.1.42]
2025-07-04 15:49:14 - UNKNOWN - [main] INFO  o.a.c.c.C.[Tomcat].[localhost].[/]:168 - Initializing Spring embedded WebApplicationContext
2025-07-04 15:49:14 - UNKNOWN - [main] INFO  o.s.b.w.s.c.ServletWebServerApplicationContext:301 - Root WebApplicationContext: initialization completed in 3245 ms
2025-07-04 15:49:15 - UNKNOWN - [main] DEBUG c.learning.auth.config.MongoConfig:38 - MongoDB connection string: mongodb+srv://rachna_bharti:vXiJTE2lroaDdwa0@diagnostics.tlbmcml.mongodb.net/auth-server?retryWrites=true&w=majority
2025-07-04 15:49:15 - UNKNOWN - [main] DEBUG c.learning.auth.config.MongoConfig:38 - MongoDB connection string: mongodb+srv://rachna_bharti:vXiJTE2lroaDdwa0@diagnostics.tlbmcml.mongodb.net/auth-server?retryWrites=true&w=majority
2025-07-04 15:49:15 - UNKNOWN - [cluster-ClusterId{value='6867aaa3cad6a7bdff0f8df0', description='null'}-srv-diagnostics.tlbmcml.mongodb.net] INFO  org.mongodb.driver.cluster:71 - Adding discovered server ac-1ouplwk-shard-00-00.tlbmcml.mongodb.net:27017 to client view of cluster
2025-07-04 15:49:15 - UNKNOWN - [main] INFO  org.mongodb.driver.client:71 - MongoClient with metadata {"driver": {"name": "mongo-java-driver|sync", "version": "5.5.1"}, "os": {"type": "Windows", "name": "Windows 11", "architecture": "amd64", "version": "10.0"}, "platform": "Java/Azul Systems, Inc./17.0.8+7-LTS"} created with settings MongoClientSettings{readPreference=primary, writeConcern=WriteConcern{w=majority, wTimeout=null ms, journal=null}, retryWrites=true, retryReads=true, readConcern=ReadConcern{level=null}, credential=MongoCredential{mechanism=null, userName='rachna_bharti', source='admin', password=<hidden>, mechanismProperties=<hidden>}, transportSettings=null, commandListeners=[], codecRegistry=ProvidersCodecRegistry{codecProviders=[ValueCodecProvider{}, BsonValueCodecProvider{}, DBRefCodecProvider{}, DBObjectCodecProvider{}, DocumentCodecProvider{}, CollectionCodecProvider{}, IterableCodecProvider{}, MapCodecProvider{}, GeoJsonCodecProvider{}, GridFSFileCodecProvider{}, Jsr310CodecProvider{}, JsonObjectCodecProvider{}, BsonCodecProvider{}, EnumCodecProvider{}, com.mongodb.client.model.mql.ExpressionCodecProvider@7159d601, com.mongodb.Jep395RecordCodecProvider@70b33256, com.mongodb.KotlinCodecProvider@33d230ce]}, loggerSettings=LoggerSettings{maxDocumentLength=1000}, clusterSettings={hosts=[127.0.0.1:27017], srvHost=diagnostics.tlbmcml.mongodb.net, srvServiceName=mongodb, mode=MULTIPLE, requiredClusterType=REPLICA_SET, requiredReplicaSetName='atlas-192ygx-shard-0', serverSelector='null', clusterListeners='[]', serverSelectionTimeout='30000 ms', localThreshold='15 ms'}, socketSettings=SocketSettings{connectTimeoutMS=10000, readTimeoutMS=0, receiveBufferSize=0, proxySettings=ProxySettings{host=null, port=null, username=null, password=null}}, heartbeatSocketSettings=SocketSettings{connectTimeoutMS=10000, readTimeoutMS=10000, receiveBufferSize=0, proxySettings=ProxySettings{host=null, port=null, username=null, password=null}}, connectionPoolSettings=ConnectionPoolSettings{maxSize=100, minSize=0, maxWaitTimeMS=120000, maxConnectionLifeTimeMS=0, maxConnectionIdleTimeMS=0, maintenanceInitialDelayMS=0, maintenanceFrequencyMS=60000, connectionPoolListeners=[], maxConnecting=2}, serverSettings=ServerSettings{heartbeatFrequencyMS=10000, minHeartbeatFrequencyMS=500, serverMonitoringMode=AUTO, serverListeners='[]', serverMonitorListeners='[]'}, sslSettings=SslSettings{enabled=true, invalidHostNameAllowed=false, context=null}, applicationName='null', compressorList=[], uuidRepresentation=UNSPECIFIED, serverApi=null, autoEncryptionSettings=null, dnsClient=null, inetAddressResolver=null, contextProvider=null, timeoutMS=null}
2025-07-04 15:49:15 - UNKNOWN - [cluster-ClusterId{value='6867aaa3cad6a7bdff0f8df0', description='null'}-srv-diagnostics.tlbmcml.mongodb.net] INFO  org.mongodb.driver.cluster:71 - Adding discovered server ac-1ouplwk-shard-00-01.tlbmcml.mongodb.net:27017 to client view of cluster
2025-07-04 15:49:15 - UNKNOWN - [cluster-ClusterId{value='6867aaa3cad6a7bdff0f8df0', description='null'}-srv-diagnostics.tlbmcml.mongodb.net] INFO  org.mongodb.driver.cluster:71 - Adding discovered server ac-1ouplwk-shard-00-02.tlbmcml.mongodb.net:27017 to client view of cluster
2025-07-04 15:49:16 - UNKNOWN - [cluster-ClusterId{value='6867aaa3cad6a7bdff0f8df0', description='null'}-ac-1ouplwk-shard-00-01.tlbmcml.mongodb.net:27017] INFO  org.mongodb.driver.cluster:71 - Monitor thread successfully connected to server with description ServerDescription{address=ac-1ouplwk-shard-00-01.tlbmcml.mongodb.net:27017, type=REPLICA_SET_PRIMARY, cryptd=false, state=CONNECTED, ok=true, minWireVersion=0, maxWireVersion=25, maxDocumentSize=16777216, logicalSessionTimeoutMinutes=30, roundTripTimeNanos=432476000, minRoundTripTimeNanos=0, setName='atlas-192ygx-shard-0', canonicalAddress=ac-1ouplwk-shard-00-01.tlbmcml.mongodb.net:27017, hosts=[ac-1ouplwk-shard-00-00.tlbmcml.mongodb.net:27017, ac-1ouplwk-shard-00-02.tlbmcml.mongodb.net:27017, ac-1ouplwk-shard-00-01.tlbmcml.mongodb.net:27017], passives=[], arbiters=[], primary='ac-1ouplwk-shard-00-01.tlbmcml.mongodb.net:27017', tagSet=TagSet{[Tag{name='availabilityZone', value='aps1-az3'}, Tag{name='diskState', value='READY'}, Tag{name='nodeType', value='ELECTABLE'}, Tag{name='provider', value='AWS'}, Tag{name='region', value='AP_SOUTH_1'}, Tag{name='workloadType', value='OPERATIONAL'}]}, electionId=7fffffff0000000000000025, setVersion=25, topologyVersion=TopologyVersion{processId=686692af79752e11767bf460, counter=6}, lastWriteDate=Fri Jul 04 15:49:16 IST 2025, lastUpdateTimeNanos=1472317827186500}
2025-07-04 15:49:16 - UNKNOWN - [cluster-ClusterId{value='6867aaa3cad6a7bdff0f8df0', description='null'}-ac-1ouplwk-shard-00-02.tlbmcml.mongodb.net:27017] INFO  org.mongodb.driver.cluster:71 - Monitor thread successfully connected to server with description ServerDescription{address=ac-1ouplwk-shard-00-02.tlbmcml.mongodb.net:27017, type=REPLICA_SET_SECONDARY, cryptd=false, state=CONNECTED, ok=true, minWireVersion=0, maxWireVersion=25, maxDocumentSize=16777216, logicalSessionTimeoutMinutes=30, roundTripTimeNanos=432625200, minRoundTripTimeNanos=0, setName='atlas-192ygx-shard-0', canonicalAddress=ac-1ouplwk-shard-00-02.tlbmcml.mongodb.net:27017, hosts=[ac-1ouplwk-shard-00-00.tlbmcml.mongodb.net:27017, ac-1ouplwk-shard-00-02.tlbmcml.mongodb.net:27017, ac-1ouplwk-shard-00-01.tlbmcml.mongodb.net:27017], passives=[], arbiters=[], primary='ac-1ouplwk-shard-00-01.tlbmcml.mongodb.net:27017', tagSet=TagSet{[Tag{name='availabilityZone', value='aps1-az2'}, Tag{name='diskState', value='READY'}, Tag{name='nodeType', value='ELECTABLE'}, Tag{name='provider', value='AWS'}, Tag{name='region', value='AP_SOUTH_1'}, Tag{name='workloadType', value='OPERATIONAL'}]}, electionId=null, setVersion=25, topologyVersion=TopologyVersion{processId=686695dd98a6c82f6e789276, counter=3}, lastWriteDate=Fri Jul 04 15:49:16 IST 2025, lastUpdateTimeNanos=1472317827150500}
2025-07-04 15:49:16 - UNKNOWN - [cluster-ClusterId{value='6867aaa3cad6a7bdff0f8df0', description='null'}-ac-1ouplwk-shard-00-00.tlbmcml.mongodb.net:27017] INFO  org.mongodb.driver.cluster:71 - Monitor thread successfully connected to server with description ServerDescription{address=ac-1ouplwk-shard-00-00.tlbmcml.mongodb.net:27017, type=REPLICA_SET_SECONDARY, cryptd=false, state=CONNECTED, ok=true, minWireVersion=0, maxWireVersion=25, maxDocumentSize=16777216, logicalSessionTimeoutMinutes=30, roundTripTimeNanos=431144100, minRoundTripTimeNanos=0, setName='atlas-192ygx-shard-0', canonicalAddress=ac-1ouplwk-shard-00-00.tlbmcml.mongodb.net:27017, hosts=[ac-1ouplwk-shard-00-00.tlbmcml.mongodb.net:27017, ac-1ouplwk-shard-00-02.tlbmcml.mongodb.net:27017, ac-1ouplwk-shard-00-01.tlbmcml.mongodb.net:27017], passives=[], arbiters=[], primary='ac-1ouplwk-shard-00-01.tlbmcml.mongodb.net:27017', tagSet=TagSet{[Tag{name='availabilityZone', value='aps1-az1'}, Tag{name='diskState', value='READY'}, Tag{name='nodeType', value='ELECTABLE'}, Tag{name='provider', value='AWS'}, Tag{name='region', value='AP_SOUTH_1'}, Tag{name='workloadType', value='OPERATIONAL'}]}, electionId=null, setVersion=25, topologyVersion=TopologyVersion{processId=6866909e6c2980bff51e896a, counter=4}, lastWriteDate=Fri Jul 04 15:49:16 IST 2025, lastUpdateTimeNanos=1472317827224100}
2025-07-04 15:49:16 - UNKNOWN - [cluster-ClusterId{value='6867aaa3cad6a7bdff0f8df0', description='null'}-ac-1ouplwk-shard-00-01.tlbmcml.mongodb.net:27017] INFO  org.mongodb.driver.cluster:71 - Discovered replica set primary ac-1ouplwk-shard-00-01.tlbmcml.mongodb.net:27017 with max election id 7fffffff0000000000000025 and max set version 25
2025-07-04 15:49:17 - UNKNOWN - [main] DEBUG c.l.auth.filter.BasicAuthFilter:240 - Filter 'basicAuthFilter' configured for use
2025-07-04 15:49:17 - UNKNOWN - [main] DEBUG c.l.auth.filter.BasicAuthFilter:240 - Filter 'basicAuthFilter' configured for use
2025-07-04 15:49:17 - UNKNOWN - [main] DEBUG c.learning.auth.filter.JwtAuthFilter:240 - Filter 'jwtAuthFilter' configured for use
2025-07-04 15:49:17 - UNKNOWN - [main] DEBUG c.learning.auth.filter.JwtAuthFilter:240 - Filter 'jwtAuthFilter' configured for use
2025-07-04 15:49:17 - UNKNOWN - [main] DEBUG c.l.auth.filter.RequestWrapperFilter:240 - Filter 'requestWrapperFilter' configured for use
2025-07-04 15:49:17 - UNKNOWN - [main] DEBUG c.l.auth.filter.RequestWrapperFilter:240 - Filter 'requestWrapperFilter' configured for use
2025-07-04 15:49:17 - UNKNOWN - [main] DEBUG c.l.auth.filter.RoleAccessFilter:240 - Filter 'roleAccessFilter' configured for use
2025-07-04 15:49:17 - UNKNOWN - [main] DEBUG c.l.auth.filter.RoleAccessFilter:240 - Filter 'roleAccessFilter' configured for use
2025-07-04 15:49:17 - UNKNOWN - [main] DEBUG c.l.auth.filter.RoleAuthFilter:240 - Filter 'roleAuthFilter' configured for use
2025-07-04 15:49:17 - UNKNOWN - [main] DEBUG c.l.auth.filter.RoleAuthFilter:240 - Filter 'roleAuthFilter' configured for use
2025-07-04 15:49:17 - UNKNOWN - [main] INFO  o.s.s.c.a.a.c.InitializeUserDetailsBeanManagerConfigurer$InitializeUserDetailsManagerConfigurer:110 - Global AuthenticationManager configured with UserDetailsService bean with name userDetailsServiceImpl
2025-07-04 15:49:18 - UNKNOWN - [main] INFO  o.s.b.a.e.web.EndpointLinksResolver:60 - Exposing 1 endpoint beneath base path '/actuator'
2025-07-04 15:49:19 - UNKNOWN - [main] INFO  o.a.coyote.http11.Http11NioProtocol:168 - Starting ProtocolHandler ["http-nio-8081"]
2025-07-04 15:49:19 - UNKNOWN - [main] INFO  o.s.b.w.e.tomcat.TomcatWebServer:243 - Tomcat started on port 8081 (http) with context path '/'
2025-07-04 15:49:19 - UNKNOWN - [main] INFO  c.l.auth.AuthServerApplication:59 - Started AuthServerApplication in 9.007 seconds (process running for 9.974)
2025-07-04 15:49:19 - UNKNOWN - [main] INFO  c.l.auth.AuthServerApplication:59 - Started AuthServerApplication in 9.007 seconds (process running for 9.974)
2025-07-04 15:50:16 - UNKNOWN - [http-nio-8081-exec-2] INFO  o.a.c.c.C.[Tomcat].[localhost].[/]:168 - Initializing Spring DispatcherServlet 'dispatcherServlet'
2025-07-04 15:50:16 - UNKNOWN - [http-nio-8081-exec-2] INFO  o.s.web.servlet.DispatcherServlet:532 - Initializing Servlet 'dispatcherServlet'
2025-07-04 15:50:16 - UNKNOWN - [http-nio-8081-exec-2] INFO  o.s.web.servlet.DispatcherServlet:554 - Completed initialization in 2 ms
2025-07-04 15:50:16 - UNKNOWN - [http-nio-8081-exec-2] DEBUG c.l.auth.filter.RequestWrapperFilter:24 - RequestWrapperFilter is invoked for request: /api/v1/auth/login
2025-07-04 15:50:16 - UNKNOWN - [http-nio-8081-exec-2] DEBUG c.l.auth.filter.RequestWrapperFilter:24 - RequestWrapperFilter is invoked for request: /api/v1/auth/login
2025-07-04 15:50:16 - bff1064e-8853-42bc-8713-8a41ed22a32d - [http-nio-8081-exec-2] DEBUG c.l.a.interceptor.RequestInterceptor:37 - Injected header X-Tracking-Id with value bff1064e-8853-42bc-8713-8a41ed22a32d into the request
2025-07-04 15:50:16 - bff1064e-8853-42bc-8713-8a41ed22a32d - [http-nio-8081-exec-2] DEBUG c.l.a.interceptor.RequestInterceptor:37 - Injected header X-Tracking-Id with value bff1064e-8853-42bc-8713-8a41ed22a32d into the request
2025-07-04 15:50:16 - bff1064e-8853-42bc-8713-8a41ed22a32d - [http-nio-8081-exec-2] DEBUG c.l.a.interceptor.RequestInterceptor:45 - Before controller Request URI: /api/v1/auth/login, method: POST
2025-07-04 15:50:16 - bff1064e-8853-42bc-8713-8a41ed22a32d - [http-nio-8081-exec-2] DEBUG c.l.a.interceptor.RequestInterceptor:45 - Before controller Request URI: /api/v1/auth/login, method: POST
2025-07-04 15:50:16 - bff1064e-8853-42bc-8713-8a41ed22a32d - [http-nio-8081-exec-2] DEBUG c.l.a.interceptor.RequestInterceptor:54 - Before controller request body: {
  "username" : "varun@gmail.com",
  "password" : "******"
}
2025-07-04 15:50:16 - bff1064e-8853-42bc-8713-8a41ed22a32d - [http-nio-8081-exec-2] DEBUG c.l.a.interceptor.RequestInterceptor:54 - Before controller request body: {
  "username" : "varun@gmail.com",
  "password" : "******"
}
2025-07-04 15:50:16 - bff1064e-8853-42bc-8713-8a41ed22a32d - [http-nio-8081-exec-2] INFO  c.l.auth.controller.AuthController:26 - Received login request for user: varun@gmail.com
2025-07-04 15:50:16 - bff1064e-8853-42bc-8713-8a41ed22a32d - [http-nio-8081-exec-2] INFO  c.l.auth.controller.AuthController:26 - Received login request for user: varun@gmail.com
2025-07-04 15:50:16 - bff1064e-8853-42bc-8713-8a41ed22a32d - [http-nio-8081-exec-2] INFO  c.l.a.service.impl.AuthServiceImpl:40 - Processing login request for user: varun@gmail.com
2025-07-04 15:50:16 - bff1064e-8853-42bc-8713-8a41ed22a32d - [http-nio-8081-exec-2] INFO  c.l.a.service.impl.AuthServiceImpl:40 - Processing login request for user: varun@gmail.com
2025-07-04 15:50:17 - bff1064e-8853-42bc-8713-8a41ed22a32d - [http-nio-8081-exec-2] INFO  c.l.a.service.impl.AuthServiceImpl:49 - User varun@gmail.com authenticated successfully
2025-07-04 15:50:17 - bff1064e-8853-42bc-8713-8a41ed22a32d - [http-nio-8081-exec-2] INFO  c.l.a.service.impl.AuthServiceImpl:49 - User varun@gmail.com authenticated successfully
2025-07-04 15:50:17 - bff1064e-8853-42bc-8713-8a41ed22a32d - [http-nio-8081-exec-2] INFO  c.l.a.service.impl.AuthServiceImpl:61 - Generated JWT token for user: varun@gmail.com
2025-07-04 15:50:17 - bff1064e-8853-42bc-8713-8a41ed22a32d - [http-nio-8081-exec-2] INFO  c.l.a.service.impl.AuthServiceImpl:61 - Generated JWT token for user: varun@gmail.com
2025-07-04 15:50:17 - bff1064e-8853-42bc-8713-8a41ed22a32d - [http-nio-8081-exec-2] DEBUG c.l.a.e.handler.ResponseBodyLogger:29 - @After controller Response Body: {"token":"eyJhbGciOiJSUzI1NiJ9.eyJyb2xlIjoiQURNSU4iLCJ1c2VybmFtZSI6InZhcnVuQGdtYWlsLmNvbSIsInN1YiI6InZhcnVuQGdtYWlsLmNvbSIsImlhdCI6MTc1MTYyNDQxNywiZXhwIjoxNzUxNjYwNDE3fQ.XqmVzuxzXe5z8_RklaxvkKiG2_XvXANvmo157b_2lQwonkPOS1GAdBQhgayYQblvkgv0alex5J3pBXIXCQXrRoyTHphyUI52Nchj8nJsROZ9WlUt-2RJEEbBrjivJIA30Og3GX4uyy_id0i3LNxtS0-C6fDbbEIUN7KANacsKX0sw4izuENDk8HRYzSU-upSz1oluL7KmF-_K7YkpY5kLEY8W3XCIYoR6VFVpV_gWDOnVgI6Yvwu97HsokXHu9T2OcRWk8Q-MWUWN_3YS1sr49aP7_Y8kJFAE9Xa_rG4CJYQJYD-Muj6eS7aVcyNg5xG-tg1AVmiDixaUfpdSdOrxg"}
2025-07-04 15:50:17 - bff1064e-8853-42bc-8713-8a41ed22a32d - [http-nio-8081-exec-2] DEBUG c.l.a.e.handler.ResponseBodyLogger:29 - @After controller Response Body: {"token":"eyJhbGciOiJSUzI1NiJ9.eyJyb2xlIjoiQURNSU4iLCJ1c2VybmFtZSI6InZhcnVuQGdtYWlsLmNvbSIsInN1YiI6InZhcnVuQGdtYWlsLmNvbSIsImlhdCI6MTc1MTYyNDQxNywiZXhwIjoxNzUxNjYwNDE3fQ.XqmVzuxzXe5z8_RklaxvkKiG2_XvXANvmo157b_2lQwonkPOS1GAdBQhgayYQblvkgv0alex5J3pBXIXCQXrRoyTHphyUI52Nchj8nJsROZ9WlUt-2RJEEbBrjivJIA30Og3GX4uyy_id0i3LNxtS0-C6fDbbEIUN7KANacsKX0sw4izuENDk8HRYzSU-upSz1oluL7KmF-_K7YkpY5kLEY8W3XCIYoR6VFVpV_gWDOnVgI6Yvwu97HsokXHu9T2OcRWk8Q-MWUWN_3YS1sr49aP7_Y8kJFAE9Xa_rG4CJYQJYD-Muj6eS7aVcyNg5xG-tg1AVmiDixaUfpdSdOrxg"}
2025-07-04 15:50:17 - bff1064e-8853-42bc-8713-8a41ed22a32d - [http-nio-8081-exec-2] DEBUG c.l.a.interceptor.RequestInterceptor:76 - Request processing completed for URI: /api/v1/auth/login, method: POST, duration: 1002 ms
2025-07-04 15:50:17 - bff1064e-8853-42bc-8713-8a41ed22a32d - [http-nio-8081-exec-2] DEBUG c.l.a.interceptor.RequestInterceptor:76 - Request processing completed for URI: /api/v1/auth/login, method: POST, duration: 1002 ms
2025-07-04 15:50:20 - UNKNOWN - [http-nio-8081-exec-1] DEBUG c.l.auth.filter.RequestWrapperFilter:24 - RequestWrapperFilter is invoked for request: /api/v1/auth/login
2025-07-04 15:50:20 - UNKNOWN - [http-nio-8081-exec-1] DEBUG c.l.auth.filter.RequestWrapperFilter:24 - RequestWrapperFilter is invoked for request: /api/v1/auth/login
2025-07-04 15:50:20 - 5f71d4e6-f348-4ae9-a45c-50c1315ca902 - [http-nio-8081-exec-1] DEBUG c.l.a.interceptor.RequestInterceptor:37 - Injected header X-Tracking-Id with value 5f71d4e6-f348-4ae9-a45c-50c1315ca902 into the request
2025-07-04 15:50:20 - 5f71d4e6-f348-4ae9-a45c-50c1315ca902 - [http-nio-8081-exec-1] DEBUG c.l.a.interceptor.RequestInterceptor:37 - Injected header X-Tracking-Id with value 5f71d4e6-f348-4ae9-a45c-50c1315ca902 into the request
2025-07-04 15:50:20 - 5f71d4e6-f348-4ae9-a45c-50c1315ca902 - [http-nio-8081-exec-1] DEBUG c.l.a.interceptor.RequestInterceptor:45 - Before controller Request URI: /api/v1/auth/login, method: POST
2025-07-04 15:50:20 - 5f71d4e6-f348-4ae9-a45c-50c1315ca902 - [http-nio-8081-exec-1] DEBUG c.l.a.interceptor.RequestInterceptor:45 - Before controller Request URI: /api/v1/auth/login, method: POST
2025-07-04 15:50:20 - 5f71d4e6-f348-4ae9-a45c-50c1315ca902 - [http-nio-8081-exec-1] DEBUG c.l.a.interceptor.RequestInterceptor:54 - Before controller request body: {
  "username" : "varun@gmail.com",
  "password" : "******"
}
2025-07-04 15:50:20 - 5f71d4e6-f348-4ae9-a45c-50c1315ca902 - [http-nio-8081-exec-1] DEBUG c.l.a.interceptor.RequestInterceptor:54 - Before controller request body: {
  "username" : "varun@gmail.com",
  "password" : "******"
}
2025-07-04 15:50:20 - 5f71d4e6-f348-4ae9-a45c-50c1315ca902 - [http-nio-8081-exec-1] INFO  c.l.auth.controller.AuthController:26 - Received login request for user: varun@gmail.com
2025-07-04 15:50:20 - 5f71d4e6-f348-4ae9-a45c-50c1315ca902 - [http-nio-8081-exec-1] INFO  c.l.auth.controller.AuthController:26 - Received login request for user: varun@gmail.com
2025-07-04 15:50:20 - 5f71d4e6-f348-4ae9-a45c-50c1315ca902 - [http-nio-8081-exec-1] INFO  c.l.a.service.impl.AuthServiceImpl:40 - Processing login request for user: varun@gmail.com
2025-07-04 15:50:20 - 5f71d4e6-f348-4ae9-a45c-50c1315ca902 - [http-nio-8081-exec-1] INFO  c.l.a.service.impl.AuthServiceImpl:40 - Processing login request for user: varun@gmail.com
2025-07-04 15:50:21 - 5f71d4e6-f348-4ae9-a45c-50c1315ca902 - [http-nio-8081-exec-1] INFO  c.l.a.service.impl.AuthServiceImpl:49 - User varun@gmail.com authenticated successfully
2025-07-04 15:50:21 - 5f71d4e6-f348-4ae9-a45c-50c1315ca902 - [http-nio-8081-exec-1] INFO  c.l.a.service.impl.AuthServiceImpl:49 - User varun@gmail.com authenticated successfully
2025-07-04 15:50:21 - 5f71d4e6-f348-4ae9-a45c-50c1315ca902 - [http-nio-8081-exec-1] INFO  c.l.a.service.impl.AuthServiceImpl:61 - Generated JWT token for user: varun@gmail.com
2025-07-04 15:50:21 - 5f71d4e6-f348-4ae9-a45c-50c1315ca902 - [http-nio-8081-exec-1] INFO  c.l.a.service.impl.AuthServiceImpl:61 - Generated JWT token for user: varun@gmail.com
2025-07-04 15:50:21 - 5f71d4e6-f348-4ae9-a45c-50c1315ca902 - [http-nio-8081-exec-1] DEBUG c.l.a.e.handler.ResponseBodyLogger:29 - @After controller Response Body: {"token":"eyJhbGciOiJSUzI1NiJ9.eyJyb2xlIjoiQURNSU4iLCJ1c2VybmFtZSI6InZhcnVuQGdtYWlsLmNvbSIsInN1YiI6InZhcnVuQGdtYWlsLmNvbSIsImlhdCI6MTc1MTYyNDQyMSwiZXhwIjoxNzUxNjYwNDIxfQ.qyG9jh9Mz5-QW7kF5AxjNOaJAkKcSM-g-5fwX7ICBt2ytDd9HKXVvPO12ar1QVBVXPI4wjxCD0l4zwuKxwuxGxGX26HH93xbdPP_nPRFiuIq0R1rHFu8Ax6ML3mgGD__ZRz_ikIhahg7K1gtZv-Fg1n7fKEsCNOYl10HT2yvMNbkr8PFGfLETxvy-JxS7c-XJqPL8lC7Ikmff4YLRyJHR21bvcrtt0KjSWoAi709m1F9ln1_mvPzZ-XnYLshBFXFiCsKwUpLQlqmONe_L5enOCSFkXxwd9tOw_Fx6wZDnqbt_kmmD5ovBgTxbV6KvCjp2ego506D7XwnbW5Eu8Q0rw"}
2025-07-04 15:50:21 - 5f71d4e6-f348-4ae9-a45c-50c1315ca902 - [http-nio-8081-exec-1] DEBUG c.l.a.e.handler.ResponseBodyLogger:29 - @After controller Response Body: {"token":"eyJhbGciOiJSUzI1NiJ9.eyJyb2xlIjoiQURNSU4iLCJ1c2VybmFtZSI6InZhcnVuQGdtYWlsLmNvbSIsInN1YiI6InZhcnVuQGdtYWlsLmNvbSIsImlhdCI6MTc1MTYyNDQyMSwiZXhwIjoxNzUxNjYwNDIxfQ.qyG9jh9Mz5-QW7kF5AxjNOaJAkKcSM-g-5fwX7ICBt2ytDd9HKXVvPO12ar1QVBVXPI4wjxCD0l4zwuKxwuxGxGX26HH93xbdPP_nPRFiuIq0R1rHFu8Ax6ML3mgGD__ZRz_ikIhahg7K1gtZv-Fg1n7fKEsCNOYl10HT2yvMNbkr8PFGfLETxvy-JxS7c-XJqPL8lC7Ikmff4YLRyJHR21bvcrtt0KjSWoAi709m1F9ln1_mvPzZ-XnYLshBFXFiCsKwUpLQlqmONe_L5enOCSFkXxwd9tOw_Fx6wZDnqbt_kmmD5ovBgTxbV6KvCjp2ego506D7XwnbW5Eu8Q0rw"}
2025-07-04 15:50:21 - 5f71d4e6-f348-4ae9-a45c-50c1315ca902 - [http-nio-8081-exec-1] DEBUG c.l.a.interceptor.RequestInterceptor:76 - Request processing completed for URI: /api/v1/auth/login, method: POST, duration: 230 ms
2025-07-04 15:50:21 - 5f71d4e6-f348-4ae9-a45c-50c1315ca902 - [http-nio-8081-exec-1] DEBUG c.l.a.interceptor.RequestInterceptor:76 - Request processing completed for URI: /api/v1/auth/login, method: POST, duration: 230 ms
2025-07-04 17:40:16 - UNKNOWN - [cluster-ClusterId{value='6867aaa3cad6a7bdff0f8df0', description='null'}-ac-1ouplwk-shard-00-00.tlbmcml.mongodb.net:27017] INFO  org.mongodb.driver.cluster:76 - Exception in monitor thread while connecting to server ac-1ouplwk-shard-00-00.tlbmcml.mongodb.net:27017
com.mongodb.MongoSocketReadException: Exception receiving message
	at com.mongodb.internal.connection.InternalStreamConnection.translateReadException(InternalStreamConnection.java:809)
	at com.mongodb.internal.connection.InternalStreamConnection.receiveResponseBuffers(InternalStreamConnection.java:857)
	at com.mongodb.internal.connection.InternalStreamConnection.receiveCommandMessageResponse(InternalStreamConnection.java:517)
	at com.mongodb.internal.connection.InternalStreamConnection.receive(InternalStreamConnection.java:469)
	at com.mongodb.internal.connection.DefaultServerMonitor$ServerMonitor.lookupServerDescription(DefaultServerMonitor.java:249)
	at com.mongodb.internal.connection.DefaultServerMonitor$ServerMonitor.run(DefaultServerMonitor.java:176)
Caused by: java.net.SocketException: Connection reset
	at java.base/sun.nio.ch.NioSocketImpl.implRead(NioSocketImpl.java:328)
	at java.base/sun.nio.ch.NioSocketImpl.read(NioSocketImpl.java:355)
	at java.base/sun.nio.ch.NioSocketImpl$1.read(NioSocketImpl.java:808)
	at java.base/java.net.Socket$SocketInputStream.read(Socket.java:976)
	at java.base/sun.security.ssl.SSLSocketInputRecord.read(SSLSocketInputRecord.java:484)
	at java.base/sun.security.ssl.SSLSocketInputRecord.readHeader(SSLSocketInputRecord.java:478)
	at java.base/sun.security.ssl.SSLSocketInputRecord.bytesInCompletePacket(SSLSocketInputRecord.java:70)
	at java.base/sun.security.ssl.SSLSocketImpl.readApplicationRecord(SSLSocketImpl.java:1465)
	at java.base/sun.security.ssl.SSLSocketImpl$AppInputStream.read(SSLSocketImpl.java:1069)
	at com.mongodb.internal.connection.SocketStream.read(SocketStream.java:182)
	at com.mongodb.internal.connection.InternalStreamConnection.receiveResponseBuffers(InternalStreamConnection.java:824)
	... 4 common frames omitted
2025-07-04 17:40:16 - UNKNOWN - [cluster-ClusterId{value='6867aaa3cad6a7bdff0f8df0', description='null'}-ac-1ouplwk-shard-00-01.tlbmcml.mongodb.net:27017] INFO  org.mongodb.driver.cluster:76 - Exception in monitor thread while connecting to server ac-1ouplwk-shard-00-01.tlbmcml.mongodb.net:27017
com.mongodb.MongoSocketReadException: Exception receiving message
	at com.mongodb.internal.connection.InternalStreamConnection.translateReadException(InternalStreamConnection.java:809)
	at com.mongodb.internal.connection.InternalStreamConnection.receiveResponseBuffers(InternalStreamConnection.java:857)
	at com.mongodb.internal.connection.InternalStreamConnection.receiveCommandMessageResponse(InternalStreamConnection.java:517)
	at com.mongodb.internal.connection.InternalStreamConnection.receive(InternalStreamConnection.java:469)
	at com.mongodb.internal.connection.DefaultServerMonitor$ServerMonitor.lookupServerDescription(DefaultServerMonitor.java:249)
	at com.mongodb.internal.connection.DefaultServerMonitor$ServerMonitor.run(DefaultServerMonitor.java:176)
Caused by: java.net.SocketException: Connection reset
	at java.base/sun.nio.ch.NioSocketImpl.implRead(NioSocketImpl.java:328)
	at java.base/sun.nio.ch.NioSocketImpl.read(NioSocketImpl.java:355)
	at java.base/sun.nio.ch.NioSocketImpl$1.read(NioSocketImpl.java:808)
	at java.base/java.net.Socket$SocketInputStream.read(Socket.java:976)
	at java.base/sun.security.ssl.SSLSocketInputRecord.read(SSLSocketInputRecord.java:484)
	at java.base/sun.security.ssl.SSLSocketInputRecord.readHeader(SSLSocketInputRecord.java:478)
	at java.base/sun.security.ssl.SSLSocketInputRecord.bytesInCompletePacket(SSLSocketInputRecord.java:70)
	at java.base/sun.security.ssl.SSLSocketImpl.readApplicationRecord(SSLSocketImpl.java:1465)
	at java.base/sun.security.ssl.SSLSocketImpl$AppInputStream.read(SSLSocketImpl.java:1069)
	at com.mongodb.internal.connection.SocketStream.read(SocketStream.java:182)
	at com.mongodb.internal.connection.InternalStreamConnection.receiveResponseBuffers(InternalStreamConnection.java:824)
	... 4 common frames omitted
2025-07-04 17:40:16 - UNKNOWN - [cluster-ClusterId{value='6867aaa3cad6a7bdff0f8df0', description='null'}-ac-1ouplwk-shard-00-02.tlbmcml.mongodb.net:27017] INFO  org.mongodb.driver.cluster:76 - Exception in monitor thread while connecting to server ac-1ouplwk-shard-00-02.tlbmcml.mongodb.net:27017
com.mongodb.MongoSocketReadException: Exception receiving message
	at com.mongodb.internal.connection.InternalStreamConnection.translateReadException(InternalStreamConnection.java:809)
	at com.mongodb.internal.connection.InternalStreamConnection.receiveResponseBuffers(InternalStreamConnection.java:857)
	at com.mongodb.internal.connection.InternalStreamConnection.receiveCommandMessageResponse(InternalStreamConnection.java:517)
	at com.mongodb.internal.connection.InternalStreamConnection.receive(InternalStreamConnection.java:469)
	at com.mongodb.internal.connection.DefaultServerMonitor$ServerMonitor.lookupServerDescription(DefaultServerMonitor.java:249)
	at com.mongodb.internal.connection.DefaultServerMonitor$ServerMonitor.run(DefaultServerMonitor.java:176)
Caused by: java.net.SocketException: Connection reset
	at java.base/sun.nio.ch.NioSocketImpl.implRead(NioSocketImpl.java:328)
	at java.base/sun.nio.ch.NioSocketImpl.read(NioSocketImpl.java:355)
	at java.base/sun.nio.ch.NioSocketImpl$1.read(NioSocketImpl.java:808)
	at java.base/java.net.Socket$SocketInputStream.read(Socket.java:976)
	at java.base/sun.security.ssl.SSLSocketInputRecord.read(SSLSocketInputRecord.java:484)
	at java.base/sun.security.ssl.SSLSocketInputRecord.readHeader(SSLSocketInputRecord.java:478)
	at java.base/sun.security.ssl.SSLSocketInputRecord.bytesInCompletePacket(SSLSocketInputRecord.java:70)
	at java.base/sun.security.ssl.SSLSocketImpl.readApplicationRecord(SSLSocketImpl.java:1465)
	at java.base/sun.security.ssl.SSLSocketImpl$AppInputStream.read(SSLSocketImpl.java:1069)
	at com.mongodb.internal.connection.SocketStream.read(SocketStream.java:182)
	at com.mongodb.internal.connection.InternalStreamConnection.receiveResponseBuffers(InternalStreamConnection.java:824)
	... 4 common frames omitted
2025-07-04 17:40:17 - UNKNOWN - [cluster-ClusterId{value='6867aaa3cad6a7bdff0f8df0', description='null'}-ac-1ouplwk-shard-00-00.tlbmcml.mongodb.net:27017] INFO  org.mongodb.driver.cluster:76 - Exception in monitor thread while connecting to server ac-1ouplwk-shard-00-00.tlbmcml.mongodb.net:27017
com.mongodb.MongoSocketException: No such host is known (ac-1ouplwk-shard-00-00.tlbmcml.mongodb.net)
	at com.mongodb.internal.connection.ServerAddressHelper.getSocketAddresses(ServerAddressHelper.java:75)
	at com.mongodb.internal.connection.SocketStream.initializeSocket(SocketStream.java:100)
	at com.mongodb.internal.connection.SocketStream.open(SocketStream.java:79)
	at com.mongodb.internal.connection.InternalStreamConnection.open(InternalStreamConnection.java:233)
	at com.mongodb.internal.connection.DefaultServerMonitor$ServerMonitor.lookupServerDescription(DefaultServerMonitor.java:219)
	at com.mongodb.internal.connection.DefaultServerMonitor$ServerMonitor.run(DefaultServerMonitor.java:176)
Caused by: java.net.UnknownHostException: No such host is known (ac-1ouplwk-shard-00-00.tlbmcml.mongodb.net)
	at java.base/java.net.Inet6AddressImpl.lookupAllHostAddr(Native Method)
	at java.base/java.net.InetAddress$PlatformNameService.lookupAllHostAddr(InetAddress.java:934)
	at java.base/java.net.InetAddress.getAddressesFromNameService(InetAddress.java:1543)
	at java.base/java.net.InetAddress$NameServiceAddresses.get(InetAddress.java:852)
	at java.base/java.net.InetAddress.getAllByName0(InetAddress.java:1533)
	at java.base/java.net.InetAddress.getAllByName(InetAddress.java:1385)
	at java.base/java.net.InetAddress.getAllByName(InetAddress.java:1306)
	at com.mongodb.internal.connection.DefaultInetAddressResolver.lookupByName(DefaultInetAddressResolver.java:34)
	at com.mongodb.internal.connection.ServerAddressHelper.getSocketAddresses(ServerAddressHelper.java:71)
	... 5 common frames omitted
2025-07-04 17:40:17 - UNKNOWN - [cluster-ClusterId{value='6867aaa3cad6a7bdff0f8df0', description='null'}-ac-1ouplwk-shard-00-01.tlbmcml.mongodb.net:27017] INFO  org.mongodb.driver.cluster:76 - Exception in monitor thread while connecting to server ac-1ouplwk-shard-00-01.tlbmcml.mongodb.net:27017
com.mongodb.MongoSocketException: No such host is known (ac-1ouplwk-shard-00-01.tlbmcml.mongodb.net)
	at com.mongodb.internal.connection.ServerAddressHelper.getSocketAddresses(ServerAddressHelper.java:75)
	at com.mongodb.internal.connection.SocketStream.initializeSocket(SocketStream.java:100)
	at com.mongodb.internal.connection.SocketStream.open(SocketStream.java:79)
	at com.mongodb.internal.connection.InternalStreamConnection.open(InternalStreamConnection.java:233)
	at com.mongodb.internal.connection.DefaultServerMonitor$ServerMonitor.lookupServerDescription(DefaultServerMonitor.java:219)
	at com.mongodb.internal.connection.DefaultServerMonitor$ServerMonitor.run(DefaultServerMonitor.java:176)
Caused by: java.net.UnknownHostException: No such host is known (ac-1ouplwk-shard-00-01.tlbmcml.mongodb.net)
	at java.base/java.net.Inet6AddressImpl.lookupAllHostAddr(Native Method)
	at java.base/java.net.InetAddress$PlatformNameService.lookupAllHostAddr(InetAddress.java:934)
	at java.base/java.net.InetAddress.getAddressesFromNameService(InetAddress.java:1543)
	at java.base/java.net.InetAddress$NameServiceAddresses.get(InetAddress.java:852)
	at java.base/java.net.InetAddress.getAllByName0(InetAddress.java:1533)
	at java.base/java.net.InetAddress.getAllByName(InetAddress.java:1385)
	at java.base/java.net.InetAddress.getAllByName(InetAddress.java:1306)
	at com.mongodb.internal.connection.DefaultInetAddressResolver.lookupByName(DefaultInetAddressResolver.java:34)
	at com.mongodb.internal.connection.ServerAddressHelper.getSocketAddresses(ServerAddressHelper.java:71)
	... 5 common frames omitted
2025-07-04 17:40:17 - UNKNOWN - [cluster-ClusterId{value='6867aaa3cad6a7bdff0f8df0', description='null'}-ac-1ouplwk-shard-00-02.tlbmcml.mongodb.net:27017] INFO  org.mongodb.driver.cluster:76 - Exception in monitor thread while connecting to server ac-1ouplwk-shard-00-02.tlbmcml.mongodb.net:27017
com.mongodb.MongoSocketException: No such host is known (ac-1ouplwk-shard-00-02.tlbmcml.mongodb.net)
	at com.mongodb.internal.connection.ServerAddressHelper.getSocketAddresses(ServerAddressHelper.java:75)
	at com.mongodb.internal.connection.SocketStream.initializeSocket(SocketStream.java:100)
	at com.mongodb.internal.connection.SocketStream.open(SocketStream.java:79)
	at com.mongodb.internal.connection.InternalStreamConnection.open(InternalStreamConnection.java:233)
	at com.mongodb.internal.connection.DefaultServerMonitor$ServerMonitor.lookupServerDescription(DefaultServerMonitor.java:219)
	at com.mongodb.internal.connection.DefaultServerMonitor$ServerMonitor.run(DefaultServerMonitor.java:176)
Caused by: java.net.UnknownHostException: No such host is known (ac-1ouplwk-shard-00-02.tlbmcml.mongodb.net)
	at java.base/java.net.Inet6AddressImpl.lookupAllHostAddr(Native Method)
	at java.base/java.net.InetAddress$PlatformNameService.lookupAllHostAddr(InetAddress.java:934)
	at java.base/java.net.InetAddress.getAddressesFromNameService(InetAddress.java:1543)
	at java.base/java.net.InetAddress$NameServiceAddresses.get(InetAddress.java:852)
	at java.base/java.net.InetAddress.getAllByName0(InetAddress.java:1533)
	at java.base/java.net.InetAddress.getAllByName(InetAddress.java:1385)
	at java.base/java.net.InetAddress.getAllByName(InetAddress.java:1306)
	at com.mongodb.internal.connection.DefaultInetAddressResolver.lookupByName(DefaultInetAddressResolver.java:34)
	at com.mongodb.internal.connection.ServerAddressHelper.getSocketAddresses(ServerAddressHelper.java:71)
	... 5 common frames omitted
2025-07-04 17:40:27 - UNKNOWN - [cluster-ClusterId{value='6867aaa3cad6a7bdff0f8df0', description='null'}-ac-1ouplwk-shard-00-01.tlbmcml.mongodb.net:27017] INFO  org.mongodb.driver.cluster:76 - Exception in monitor thread while connecting to server ac-1ouplwk-shard-00-01.tlbmcml.mongodb.net:27017
com.mongodb.MongoSocketException: ac-1ouplwk-shard-00-01.tlbmcml.mongodb.net
	at com.mongodb.internal.connection.ServerAddressHelper.getSocketAddresses(ServerAddressHelper.java:75)
	at com.mongodb.internal.connection.SocketStream.initializeSocket(SocketStream.java:100)
	at com.mongodb.internal.connection.SocketStream.open(SocketStream.java:79)
	at com.mongodb.internal.connection.InternalStreamConnection.open(InternalStreamConnection.java:233)
	at com.mongodb.internal.connection.DefaultServerMonitor$ServerMonitor.lookupServerDescription(DefaultServerMonitor.java:219)
	at com.mongodb.internal.connection.DefaultServerMonitor$ServerMonitor.run(DefaultServerMonitor.java:176)
Caused by: java.net.UnknownHostException: ac-1ouplwk-shard-00-01.tlbmcml.mongodb.net
	at java.base/java.net.InetAddress$CachedAddresses.get(InetAddress.java:801)
	at java.base/java.net.InetAddress.getAllByName0(InetAddress.java:1533)
	at java.base/java.net.InetAddress.getAllByName(InetAddress.java:1385)
	at java.base/java.net.InetAddress.getAllByName(InetAddress.java:1306)
	at com.mongodb.internal.connection.DefaultInetAddressResolver.lookupByName(DefaultInetAddressResolver.java:34)
	at com.mongodb.internal.connection.ServerAddressHelper.getSocketAddresses(ServerAddressHelper.java:71)
	... 5 common frames omitted
2025-07-04 17:40:27 - UNKNOWN - [cluster-ClusterId{value='6867aaa3cad6a7bdff0f8df0', description='null'}-ac-1ouplwk-shard-00-00.tlbmcml.mongodb.net:27017] INFO  org.mongodb.driver.cluster:71 - Monitor thread successfully connected to server with description ServerDescription{address=ac-1ouplwk-shard-00-00.tlbmcml.mongodb.net:27017, type=REPLICA_SET_SECONDARY, cryptd=false, state=CONNECTED, ok=true, minWireVersion=0, maxWireVersion=25, maxDocumentSize=16777216, logicalSessionTimeoutMinutes=30, roundTripTimeNanos=98437400, minRoundTripTimeNanos=0, setName='atlas-192ygx-shard-0', canonicalAddress=ac-1ouplwk-shard-00-00.tlbmcml.mongodb.net:27017, hosts=[ac-1ouplwk-shard-00-00.tlbmcml.mongodb.net:27017, ac-1ouplwk-shard-00-02.tlbmcml.mongodb.net:27017, ac-1ouplwk-shard-00-01.tlbmcml.mongodb.net:27017], passives=[], arbiters=[], primary='ac-1ouplwk-shard-00-01.tlbmcml.mongodb.net:27017', tagSet=TagSet{[Tag{name='availabilityZone', value='aps1-az1'}, Tag{name='diskState', value='READY'}, Tag{name='nodeType', value='ELECTABLE'}, Tag{name='provider', value='AWS'}, Tag{name='region', value='AP_SOUTH_1'}, Tag{name='workloadType', value='OPERATIONAL'}]}, electionId=null, setVersion=25, topologyVersion=TopologyVersion{processId=6866909e6c2980bff51e896a, counter=4}, lastWriteDate=Fri Jul 04 17:40:25 IST 2025, lastUpdateTimeNanos=1478988247723400}
2025-07-04 17:40:27 - UNKNOWN - [cluster-ClusterId{value='6867aaa3cad6a7bdff0f8df0', description='null'}-ac-1ouplwk-shard-00-02.tlbmcml.mongodb.net:27017] INFO  org.mongodb.driver.cluster:71 - Monitor thread successfully connected to server with description ServerDescription{address=ac-1ouplwk-shard-00-02.tlbmcml.mongodb.net:27017, type=REPLICA_SET_SECONDARY, cryptd=false, state=CONNECTED, ok=true, minWireVersion=0, maxWireVersion=25, maxDocumentSize=16777216, logicalSessionTimeoutMinutes=30, roundTripTimeNanos=124895700, minRoundTripTimeNanos=0, setName='atlas-192ygx-shard-0', canonicalAddress=ac-1ouplwk-shard-00-02.tlbmcml.mongodb.net:27017, hosts=[ac-1ouplwk-shard-00-00.tlbmcml.mongodb.net:27017, ac-1ouplwk-shard-00-02.tlbmcml.mongodb.net:27017, ac-1ouplwk-shard-00-01.tlbmcml.mongodb.net:27017], passives=[], arbiters=[], primary='ac-1ouplwk-shard-00-01.tlbmcml.mongodb.net:27017', tagSet=TagSet{[Tag{name='availabilityZone', value='aps1-az2'}, Tag{name='diskState', value='READY'}, Tag{name='nodeType', value='ELECTABLE'}, Tag{name='provider', value='AWS'}, Tag{name='region', value='AP_SOUTH_1'}, Tag{name='workloadType', value='OPERATIONAL'}]}, electionId=null, setVersion=25, topologyVersion=TopologyVersion{processId=686695dd98a6c82f6e789276, counter=3}, lastWriteDate=Fri Jul 04 17:40:25 IST 2025, lastUpdateTimeNanos=1478988420234900}
2025-07-04 17:40:37 - UNKNOWN - [cluster-ClusterId{value='6867aaa3cad6a7bdff0f8df0', description='null'}-ac-1ouplwk-shard-00-01.tlbmcml.mongodb.net:27017] INFO  org.mongodb.driver.cluster:71 - Monitor thread successfully connected to server with description ServerDescription{address=ac-1ouplwk-shard-00-01.tlbmcml.mongodb.net:27017, type=REPLICA_SET_PRIMARY, cryptd=false, state=CONNECTED, ok=true, minWireVersion=0, maxWireVersion=25, maxDocumentSize=16777216, logicalSessionTimeoutMinutes=30, roundTripTimeNanos=57692100, minRoundTripTimeNanos=0, setName='atlas-192ygx-shard-0', canonicalAddress=ac-1ouplwk-shard-00-01.tlbmcml.mongodb.net:27017, hosts=[ac-1ouplwk-shard-00-00.tlbmcml.mongodb.net:27017, ac-1ouplwk-shard-00-02.tlbmcml.mongodb.net:27017, ac-1ouplwk-shard-00-01.tlbmcml.mongodb.net:27017], passives=[], arbiters=[], primary='ac-1ouplwk-shard-00-01.tlbmcml.mongodb.net:27017', tagSet=TagSet{[Tag{name='availabilityZone', value='aps1-az3'}, Tag{name='diskState', value='READY'}, Tag{name='nodeType', value='ELECTABLE'}, Tag{name='provider', value='AWS'}, Tag{name='region', value='AP_SOUTH_1'}, Tag{name='workloadType', value='OPERATIONAL'}]}, electionId=7fffffff0000000000000025, setVersion=25, topologyVersion=TopologyVersion{processId=686692af79752e11767bf460, counter=6}, lastWriteDate=Fri Jul 04 17:40:35 IST 2025, lastUpdateTimeNanos=1478998197500000}
2025-07-04 17:40:37 - UNKNOWN - [cluster-ClusterId{value='6867aaa3cad6a7bdff0f8df0', description='null'}-ac-1ouplwk-shard-00-01.tlbmcml.mongodb.net:27017] INFO  org.mongodb.driver.cluster:71 - Discovered replica set primary ac-1ouplwk-shard-00-01.tlbmcml.mongodb.net:27017 with max election id 7fffffff0000000000000025 and max set version 25
2025-07-04 20:19:32 - UNKNOWN - [cluster-ClusterId{value='6867aaa3cad6a7bdff0f8df0', description='null'}-ac-1ouplwk-shard-00-01.tlbmcml.mongodb.net:27017] INFO  org.mongodb.driver.cluster:76 - Exception in monitor thread while connecting to server ac-1ouplwk-shard-00-01.tlbmcml.mongodb.net:27017
com.mongodb.MongoSocketReadException: Exception receiving message
	at com.mongodb.internal.connection.InternalStreamConnection.translateReadException(InternalStreamConnection.java:809)
	at com.mongodb.internal.connection.InternalStreamConnection.receiveResponseBuffers(InternalStreamConnection.java:857)
	at com.mongodb.internal.connection.InternalStreamConnection.receiveCommandMessageResponse(InternalStreamConnection.java:517)
	at com.mongodb.internal.connection.InternalStreamConnection.receive(InternalStreamConnection.java:469)
	at com.mongodb.internal.connection.DefaultServerMonitor$ServerMonitor.lookupServerDescription(DefaultServerMonitor.java:249)
	at com.mongodb.internal.connection.DefaultServerMonitor$ServerMonitor.run(DefaultServerMonitor.java:176)
Caused by: java.net.SocketException: Connection reset
	at java.base/sun.nio.ch.NioSocketImpl.implRead(NioSocketImpl.java:328)
	at java.base/sun.nio.ch.NioSocketImpl.read(NioSocketImpl.java:355)
	at java.base/sun.nio.ch.NioSocketImpl$1.read(NioSocketImpl.java:808)
	at java.base/java.net.Socket$SocketInputStream.read(Socket.java:976)
	at java.base/sun.security.ssl.SSLSocketInputRecord.read(SSLSocketInputRecord.java:484)
	at java.base/sun.security.ssl.SSLSocketInputRecord.readHeader(SSLSocketInputRecord.java:478)
	at java.base/sun.security.ssl.SSLSocketInputRecord.bytesInCompletePacket(SSLSocketInputRecord.java:70)
	at java.base/sun.security.ssl.SSLSocketImpl.readApplicationRecord(SSLSocketImpl.java:1465)
	at java.base/sun.security.ssl.SSLSocketImpl$AppInputStream.read(SSLSocketImpl.java:1069)
	at com.mongodb.internal.connection.SocketStream.read(SocketStream.java:182)
	at com.mongodb.internal.connection.InternalStreamConnection.receiveResponseBuffers(InternalStreamConnection.java:824)
	... 4 common frames omitted
2025-07-04 20:19:32 - UNKNOWN - [cluster-ClusterId{value='6867aaa3cad6a7bdff0f8df0', description='null'}-ac-1ouplwk-shard-00-00.tlbmcml.mongodb.net:27017] INFO  org.mongodb.driver.cluster:76 - Exception in monitor thread while connecting to server ac-1ouplwk-shard-00-00.tlbmcml.mongodb.net:27017
com.mongodb.MongoSocketReadException: Exception receiving message
	at com.mongodb.internal.connection.InternalStreamConnection.translateReadException(InternalStreamConnection.java:809)
	at com.mongodb.internal.connection.InternalStreamConnection.receiveResponseBuffers(InternalStreamConnection.java:857)
	at com.mongodb.internal.connection.InternalStreamConnection.receiveCommandMessageResponse(InternalStreamConnection.java:517)
	at com.mongodb.internal.connection.InternalStreamConnection.receive(InternalStreamConnection.java:469)
	at com.mongodb.internal.connection.DefaultServerMonitor$ServerMonitor.lookupServerDescription(DefaultServerMonitor.java:249)
	at com.mongodb.internal.connection.DefaultServerMonitor$ServerMonitor.run(DefaultServerMonitor.java:176)
Caused by: java.net.SocketException: Connection reset
	at java.base/sun.nio.ch.NioSocketImpl.implRead(NioSocketImpl.java:328)
	at java.base/sun.nio.ch.NioSocketImpl.read(NioSocketImpl.java:355)
	at java.base/sun.nio.ch.NioSocketImpl$1.read(NioSocketImpl.java:808)
	at java.base/java.net.Socket$SocketInputStream.read(Socket.java:976)
	at java.base/sun.security.ssl.SSLSocketInputRecord.read(SSLSocketInputRecord.java:484)
	at java.base/sun.security.ssl.SSLSocketInputRecord.readHeader(SSLSocketInputRecord.java:478)
	at java.base/sun.security.ssl.SSLSocketInputRecord.bytesInCompletePacket(SSLSocketInputRecord.java:70)
	at java.base/sun.security.ssl.SSLSocketImpl.readApplicationRecord(SSLSocketImpl.java:1465)
	at java.base/sun.security.ssl.SSLSocketImpl$AppInputStream.read(SSLSocketImpl.java:1069)
	at com.mongodb.internal.connection.SocketStream.read(SocketStream.java:182)
	at com.mongodb.internal.connection.InternalStreamConnection.receiveResponseBuffers(InternalStreamConnection.java:824)
	... 4 common frames omitted
2025-07-04 20:19:32 - UNKNOWN - [cluster-ClusterId{value='6867aaa3cad6a7bdff0f8df0', description='null'}-ac-1ouplwk-shard-00-02.tlbmcml.mongodb.net:27017] INFO  org.mongodb.driver.cluster:76 - Exception in monitor thread while connecting to server ac-1ouplwk-shard-00-02.tlbmcml.mongodb.net:27017
com.mongodb.MongoSocketReadException: Exception receiving message
	at com.mongodb.internal.connection.InternalStreamConnection.translateReadException(InternalStreamConnection.java:809)
	at com.mongodb.internal.connection.InternalStreamConnection.receiveResponseBuffers(InternalStreamConnection.java:857)
	at com.mongodb.internal.connection.InternalStreamConnection.receiveCommandMessageResponse(InternalStreamConnection.java:517)
	at com.mongodb.internal.connection.InternalStreamConnection.receive(InternalStreamConnection.java:469)
	at com.mongodb.internal.connection.DefaultServerMonitor$ServerMonitor.lookupServerDescription(DefaultServerMonitor.java:249)
	at com.mongodb.internal.connection.DefaultServerMonitor$ServerMonitor.run(DefaultServerMonitor.java:176)
Caused by: java.net.SocketException: Connection reset
	at java.base/sun.nio.ch.NioSocketImpl.implRead(NioSocketImpl.java:328)
	at java.base/sun.nio.ch.NioSocketImpl.read(NioSocketImpl.java:355)
	at java.base/sun.nio.ch.NioSocketImpl$1.read(NioSocketImpl.java:808)
	at java.base/java.net.Socket$SocketInputStream.read(Socket.java:976)
	at java.base/sun.security.ssl.SSLSocketInputRecord.read(SSLSocketInputRecord.java:484)
	at java.base/sun.security.ssl.SSLSocketInputRecord.readHeader(SSLSocketInputRecord.java:478)
	at java.base/sun.security.ssl.SSLSocketInputRecord.bytesInCompletePacket(SSLSocketInputRecord.java:70)
	at java.base/sun.security.ssl.SSLSocketImpl.readApplicationRecord(SSLSocketImpl.java:1465)
	at java.base/sun.security.ssl.SSLSocketImpl$AppInputStream.read(SSLSocketImpl.java:1069)
	at com.mongodb.internal.connection.SocketStream.read(SocketStream.java:182)
	at com.mongodb.internal.connection.InternalStreamConnection.receiveResponseBuffers(InternalStreamConnection.java:824)
	... 4 common frames omitted
2025-07-04 20:19:32 - UNKNOWN - [cluster-ClusterId{value='6867aaa3cad6a7bdff0f8df0', description='null'}-ac-1ouplwk-shard-00-01.tlbmcml.mongodb.net:27017] INFO  org.mongodb.driver.cluster:76 - Exception in monitor thread while connecting to server ac-1ouplwk-shard-00-01.tlbmcml.mongodb.net:27017
com.mongodb.MongoSocketException: No such host is known (ac-1ouplwk-shard-00-01.tlbmcml.mongodb.net)
	at com.mongodb.internal.connection.ServerAddressHelper.getSocketAddresses(ServerAddressHelper.java:75)
	at com.mongodb.internal.connection.SocketStream.initializeSocket(SocketStream.java:100)
	at com.mongodb.internal.connection.SocketStream.open(SocketStream.java:79)
	at com.mongodb.internal.connection.InternalStreamConnection.open(InternalStreamConnection.java:233)
	at com.mongodb.internal.connection.DefaultServerMonitor$ServerMonitor.lookupServerDescription(DefaultServerMonitor.java:219)
	at com.mongodb.internal.connection.DefaultServerMonitor$ServerMonitor.run(DefaultServerMonitor.java:176)
Caused by: java.net.UnknownHostException: No such host is known (ac-1ouplwk-shard-00-01.tlbmcml.mongodb.net)
	at java.base/java.net.Inet6AddressImpl.lookupAllHostAddr(Native Method)
	at java.base/java.net.InetAddress$PlatformNameService.lookupAllHostAddr(InetAddress.java:934)
	at java.base/java.net.InetAddress.getAddressesFromNameService(InetAddress.java:1543)
	at java.base/java.net.InetAddress$NameServiceAddresses.get(InetAddress.java:852)
	at java.base/java.net.InetAddress.getAllByName0(InetAddress.java:1533)
	at java.base/java.net.InetAddress.getAllByName(InetAddress.java:1385)
	at java.base/java.net.InetAddress.getAllByName(InetAddress.java:1306)
	at com.mongodb.internal.connection.DefaultInetAddressResolver.lookupByName(DefaultInetAddressResolver.java:34)
	at com.mongodb.internal.connection.ServerAddressHelper.getSocketAddresses(ServerAddressHelper.java:71)
	... 5 common frames omitted
2025-07-04 20:19:32 - UNKNOWN - [cluster-ClusterId{value='6867aaa3cad6a7bdff0f8df0', description='null'}-ac-1ouplwk-shard-00-00.tlbmcml.mongodb.net:27017] INFO  org.mongodb.driver.cluster:76 - Exception in monitor thread while connecting to server ac-1ouplwk-shard-00-00.tlbmcml.mongodb.net:27017
com.mongodb.MongoSocketException: No such host is known (ac-1ouplwk-shard-00-00.tlbmcml.mongodb.net)
	at com.mongodb.internal.connection.ServerAddressHelper.getSocketAddresses(ServerAddressHelper.java:75)
	at com.mongodb.internal.connection.SocketStream.initializeSocket(SocketStream.java:100)
	at com.mongodb.internal.connection.SocketStream.open(SocketStream.java:79)
	at com.mongodb.internal.connection.InternalStreamConnection.open(InternalStreamConnection.java:233)
	at com.mongodb.internal.connection.DefaultServerMonitor$ServerMonitor.lookupServerDescription(DefaultServerMonitor.java:219)
	at com.mongodb.internal.connection.DefaultServerMonitor$ServerMonitor.run(DefaultServerMonitor.java:176)
Caused by: java.net.UnknownHostException: No such host is known (ac-1ouplwk-shard-00-00.tlbmcml.mongodb.net)
	at java.base/java.net.Inet6AddressImpl.lookupAllHostAddr(Native Method)
	at java.base/java.net.InetAddress$PlatformNameService.lookupAllHostAddr(InetAddress.java:934)
	at java.base/java.net.InetAddress.getAddressesFromNameService(InetAddress.java:1543)
	at java.base/java.net.InetAddress$NameServiceAddresses.get(InetAddress.java:852)
	at java.base/java.net.InetAddress.getAllByName0(InetAddress.java:1533)
	at java.base/java.net.InetAddress.getAllByName(InetAddress.java:1385)
	at java.base/java.net.InetAddress.getAllByName(InetAddress.java:1306)
	at com.mongodb.internal.connection.DefaultInetAddressResolver.lookupByName(DefaultInetAddressResolver.java:34)
	at com.mongodb.internal.connection.ServerAddressHelper.getSocketAddresses(ServerAddressHelper.java:71)
	... 5 common frames omitted
2025-07-04 20:19:32 - UNKNOWN - [cluster-ClusterId{value='6867aaa3cad6a7bdff0f8df0', description='null'}-ac-1ouplwk-shard-00-02.tlbmcml.mongodb.net:27017] INFO  org.mongodb.driver.cluster:76 - Exception in monitor thread while connecting to server ac-1ouplwk-shard-00-02.tlbmcml.mongodb.net:27017
com.mongodb.MongoSocketException: No such host is known (ac-1ouplwk-shard-00-02.tlbmcml.mongodb.net)
	at com.mongodb.internal.connection.ServerAddressHelper.getSocketAddresses(ServerAddressHelper.java:75)
	at com.mongodb.internal.connection.SocketStream.initializeSocket(SocketStream.java:100)
	at com.mongodb.internal.connection.SocketStream.open(SocketStream.java:79)
	at com.mongodb.internal.connection.InternalStreamConnection.open(InternalStreamConnection.java:233)
	at com.mongodb.internal.connection.DefaultServerMonitor$ServerMonitor.lookupServerDescription(DefaultServerMonitor.java:219)
	at com.mongodb.internal.connection.DefaultServerMonitor$ServerMonitor.run(DefaultServerMonitor.java:176)
Caused by: java.net.UnknownHostException: No such host is known (ac-1ouplwk-shard-00-02.tlbmcml.mongodb.net)
	at java.base/java.net.Inet6AddressImpl.lookupAllHostAddr(Native Method)
	at java.base/java.net.InetAddress$PlatformNameService.lookupAllHostAddr(InetAddress.java:934)
	at java.base/java.net.InetAddress.getAddressesFromNameService(InetAddress.java:1543)
	at java.base/java.net.InetAddress$NameServiceAddresses.get(InetAddress.java:852)
	at java.base/java.net.InetAddress.getAllByName0(InetAddress.java:1533)
	at java.base/java.net.InetAddress.getAllByName(InetAddress.java:1385)
	at java.base/java.net.InetAddress.getAllByName(InetAddress.java:1306)
	at com.mongodb.internal.connection.DefaultInetAddressResolver.lookupByName(DefaultInetAddressResolver.java:34)
	at com.mongodb.internal.connection.ServerAddressHelper.getSocketAddresses(ServerAddressHelper.java:71)
	... 5 common frames omitted
2025-07-04 20:19:42 - UNKNOWN - [cluster-ClusterId{value='6867aaa3cad6a7bdff0f8df0', description='null'}-ac-1ouplwk-shard-00-00.tlbmcml.mongodb.net:27017] INFO  org.mongodb.driver.cluster:71 - Monitor thread successfully connected to server with description ServerDescription{address=ac-1ouplwk-shard-00-00.tlbmcml.mongodb.net:27017, type=REPLICA_SET_SECONDARY, cryptd=false, state=CONNECTED, ok=true, minWireVersion=0, maxWireVersion=25, maxDocumentSize=16777216, logicalSessionTimeoutMinutes=30, roundTripTimeNanos=95434500, minRoundTripTimeNanos=0, setName='atlas-192ygx-shard-0', canonicalAddress=ac-1ouplwk-shard-00-00.tlbmcml.mongodb.net:27017, hosts=[ac-1ouplwk-shard-00-00.tlbmcml.mongodb.net:27017, ac-1ouplwk-shard-00-02.tlbmcml.mongodb.net:27017, ac-1ouplwk-shard-00-01.tlbmcml.mongodb.net:27017], passives=[], arbiters=[], primary='ac-1ouplwk-shard-00-02.tlbmcml.mongodb.net:27017', tagSet=TagSet{[Tag{name='availabilityZone', value='aps1-az1'}, Tag{name='diskState', value='READY'}, Tag{name='nodeType', value='ELECTABLE'}, Tag{name='provider', value='AWS'}, Tag{name='region', value='AP_SOUTH_1'}, Tag{name='workloadType', value='OPERATIONAL'}]}, electionId=null, setVersion=25, topologyVersion=TopologyVersion{processId=6867defeb7e882e73291e745, counter=4}, lastWriteDate=Fri Jul 04 20:19:40 IST 2025, lastUpdateTimeNanos=1488543531061300}
2025-07-04 20:19:42 - UNKNOWN - [cluster-ClusterId{value='6867aaa3cad6a7bdff0f8df0', description='null'}-ac-1ouplwk-shard-00-01.tlbmcml.mongodb.net:27017] INFO  org.mongodb.driver.cluster:71 - Monitor thread successfully connected to server with description ServerDescription{address=ac-1ouplwk-shard-00-01.tlbmcml.mongodb.net:27017, type=REPLICA_SET_SECONDARY, cryptd=false, state=CONNECTED, ok=true, minWireVersion=0, maxWireVersion=25, maxDocumentSize=16777216, logicalSessionTimeoutMinutes=30, roundTripTimeNanos=123502700, minRoundTripTimeNanos=0, setName='atlas-192ygx-shard-0', canonicalAddress=ac-1ouplwk-shard-00-01.tlbmcml.mongodb.net:27017, hosts=[ac-1ouplwk-shard-00-00.tlbmcml.mongodb.net:27017, ac-1ouplwk-shard-00-02.tlbmcml.mongodb.net:27017, ac-1ouplwk-shard-00-01.tlbmcml.mongodb.net:27017], passives=[], arbiters=[], primary='ac-1ouplwk-shard-00-02.tlbmcml.mongodb.net:27017', tagSet=TagSet{[Tag{name='availabilityZone', value='aps1-az3'}, Tag{name='diskState', value='READY'}, Tag{name='nodeType', value='ELECTABLE'}, Tag{name='provider', value='AWS'}, Tag{name='region', value='AP_SOUTH_1'}, Tag{name='workloadType', value='OPERATIONAL'}]}, electionId=null, setVersion=25, topologyVersion=TopologyVersion{processId=6867df6a4f293ecd76eafc3b, counter=3}, lastWriteDate=Fri Jul 04 20:19:40 IST 2025, lastUpdateTimeNanos=1488543558625400}
2025-07-04 20:19:42 - UNKNOWN - [cluster-ClusterId{value='6867aaa3cad6a7bdff0f8df0', description='null'}-ac-1ouplwk-shard-00-02.tlbmcml.mongodb.net:27017] INFO  org.mongodb.driver.cluster:71 - Monitor thread successfully connected to server with description ServerDescription{address=ac-1ouplwk-shard-00-02.tlbmcml.mongodb.net:27017, type=REPLICA_SET_PRIMARY, cryptd=false, state=CONNECTED, ok=true, minWireVersion=0, maxWireVersion=25, maxDocumentSize=16777216, logicalSessionTimeoutMinutes=30, roundTripTimeNanos=93127700, minRoundTripTimeNanos=0, setName='atlas-192ygx-shard-0', canonicalAddress=ac-1ouplwk-shard-00-02.tlbmcml.mongodb.net:27017, hosts=[ac-1ouplwk-shard-00-00.tlbmcml.mongodb.net:27017, ac-1ouplwk-shard-00-02.tlbmcml.mongodb.net:27017, ac-1ouplwk-shard-00-01.tlbmcml.mongodb.net:27017], passives=[], arbiters=[], primary='ac-1ouplwk-shard-00-02.tlbmcml.mongodb.net:27017', tagSet=TagSet{[Tag{name='availabilityZone', value='aps1-az2'}, Tag{name='diskState', value='READY'}, Tag{name='nodeType', value='ELECTABLE'}, Tag{name='provider', value='AWS'}, Tag{name='region', value='AP_SOUTH_1'}, Tag{name='workloadType', value='OPERATIONAL'}]}, electionId=7fffffff0000000000000026, setVersion=25, topologyVersion=TopologyVersion{processId=6867df34e5817937d6761e99, counter=6}, lastWriteDate=Fri Jul 04 20:19:40 IST 2025, lastUpdateTimeNanos=1488543560108400}
2025-07-04 20:19:42 - UNKNOWN - [cluster-ClusterId{value='6867aaa3cad6a7bdff0f8df0', description='null'}-ac-1ouplwk-shard-00-02.tlbmcml.mongodb.net:27017] INFO  org.mongodb.driver.cluster:71 - Discovered replica set primary ac-1ouplwk-shard-00-02.tlbmcml.mongodb.net:27017 with max election id 7fffffff0000000000000026 and max set version 25
