2025-07-05 19:19:23 - UNKNOWN - [main] INFO  c.l.auth.AuthServerApplication:53 - Starting AuthServerApplication using Java 17.0.8 with PID 7484 (D:\java\Auth-Server\build\classes\java\main started by ashis in D:\java\Auth-Server)
2025-07-05 19:19:23 - UNKNOWN - [main] INFO  c.l.auth.AuthServerApplication:53 - Starting AuthServerApplication using Java 17.0.8 with PID 7484 (D:\java\Auth-Server\build\classes\java\main started by ashis in D:\java\Auth-Server)
2025-07-05 19:19:23 - UNKNOWN - [main] DEBUG c.l.auth.AuthServerApplication:54 - Running with Spring Boot v3.5.3, Spring v6.2.8
2025-07-05 19:19:23 - UNKNOWN - [main] DEBUG c.l.auth.AuthServerApplication:54 - Running with Spring Boot v3.5.3, Spring v6.2.8
2025-07-05 19:19:23 - UNKNOWN - [main] INFO  c.l.auth.AuthServerApplication:652 - No active profile set, falling back to 1 default profile: "default"
2025-07-05 19:19:23 - UNKNOWN - [main] INFO  c.l.auth.AuthServerApplication:652 - No active profile set, falling back to 1 default profile: "default"
2025-07-05 19:19:25 - UNKNOWN - [main] INFO  o.s.d.r.c.RepositoryConfigurationDelegate:145 - Bootstrapping Spring Data MongoDB repositories in DEFAULT mode.
2025-07-05 19:19:25 - UNKNOWN - [main] INFO  o.s.d.r.c.RepositoryConfigurationDelegate:213 - Finished Spring Data repository scanning in 82 ms. Found 3 MongoDB repository interfaces.
2025-07-05 19:19:26 - UNKNOWN - [main] INFO  o.s.b.w.e.tomcat.TomcatWebServer:111 - Tomcat initialized with port 8081 (http)
2025-07-05 19:19:26 - UNKNOWN - [main] INFO  o.a.coyote.http11.Http11NioProtocol:168 - Initializing ProtocolHandler ["http-nio-8081"]
2025-07-05 19:19:26 - UNKNOWN - [main] INFO  o.a.catalina.core.StandardService:168 - Starting service [Tomcat]
2025-07-05 19:19:26 - UNKNOWN - [main] INFO  o.a.catalina.core.StandardEngine:168 - Starting Servlet engine: [Apache Tomcat/10.1.42]
2025-07-05 19:19:26 - UNKNOWN - [main] INFO  o.a.c.c.C.[Tomcat].[localhost].[/]:168 - Initializing Spring embedded WebApplicationContext
2025-07-05 19:19:26 - UNKNOWN - [main] INFO  o.s.b.w.s.c.ServletWebServerApplicationContext:301 - Root WebApplicationContext: initialization completed in 2601 ms
2025-07-05 19:19:26 - UNKNOWN - [main] DEBUG c.learning.auth.config.MongoConfig:38 - MongoDB connection string: mongodb+srv://rachna_bharti:vXiJTE2lroaDdwa0@diagnostics.tlbmcml.mongodb.net/auth-server?retryWrites=true&w=majority
2025-07-05 19:19:26 - UNKNOWN - [main] DEBUG c.learning.auth.config.MongoConfig:38 - MongoDB connection string: mongodb+srv://rachna_bharti:vXiJTE2lroaDdwa0@diagnostics.tlbmcml.mongodb.net/auth-server?retryWrites=true&w=majority
2025-07-05 19:19:27 - UNKNOWN - [cluster-ClusterId{value='68692d679f4216e84dd94e16', description='null'}-srv-diagnostics.tlbmcml.mongodb.net] INFO  org.mongodb.driver.cluster:71 - Adding discovered server ac-1ouplwk-shard-00-00.tlbmcml.mongodb.net:27017 to client view of cluster
2025-07-05 19:19:27 - UNKNOWN - [main] INFO  org.mongodb.driver.client:71 - MongoClient with metadata {"driver": {"name": "mongo-java-driver|sync", "version": "5.5.1"}, "os": {"type": "Windows", "name": "Windows 11", "architecture": "amd64", "version": "10.0"}, "platform": "Java/Azul Systems, Inc./17.0.8+7-LTS"} created with settings MongoClientSettings{readPreference=primary, writeConcern=WriteConcern{w=majority, wTimeout=null ms, journal=null}, retryWrites=true, retryReads=true, readConcern=ReadConcern{level=null}, credential=MongoCredential{mechanism=null, userName='rachna_bharti', source='admin', password=<hidden>, mechanismProperties=<hidden>}, transportSettings=null, commandListeners=[], codecRegistry=ProvidersCodecRegistry{codecProviders=[ValueCodecProvider{}, BsonValueCodecProvider{}, DBRefCodecProvider{}, DBObjectCodecProvider{}, DocumentCodecProvider{}, CollectionCodecProvider{}, IterableCodecProvider{}, MapCodecProvider{}, GeoJsonCodecProvider{}, GridFSFileCodecProvider{}, Jsr310CodecProvider{}, JsonObjectCodecProvider{}, BsonCodecProvider{}, EnumCodecProvider{}, com.mongodb.client.model.mql.ExpressionCodecProvider@3cc3f13e, com.mongodb.Jep395RecordCodecProvider@69b3886f, com.mongodb.KotlinCodecProvider@53d30d23]}, loggerSettings=LoggerSettings{maxDocumentLength=1000}, clusterSettings={hosts=[127.0.0.1:27017], srvHost=diagnostics.tlbmcml.mongodb.net, srvServiceName=mongodb, mode=MULTIPLE, requiredClusterType=REPLICA_SET, requiredReplicaSetName='atlas-192ygx-shard-0', serverSelector='null', clusterListeners='[]', serverSelectionTimeout='30000 ms', localThreshold='15 ms'}, socketSettings=SocketSettings{connectTimeoutMS=10000, readTimeoutMS=0, receiveBufferSize=0, proxySettings=ProxySettings{host=null, port=null, username=null, password=null}}, heartbeatSocketSettings=SocketSettings{connectTimeoutMS=10000, readTimeoutMS=10000, receiveBufferSize=0, proxySettings=ProxySettings{host=null, port=null, username=null, password=null}}, connectionPoolSettings=ConnectionPoolSettings{maxSize=100, minSize=0, maxWaitTimeMS=120000, maxConnectionLifeTimeMS=0, maxConnectionIdleTimeMS=0, maintenanceInitialDelayMS=0, maintenanceFrequencyMS=60000, connectionPoolListeners=[], maxConnecting=2}, serverSettings=ServerSettings{heartbeatFrequencyMS=10000, minHeartbeatFrequencyMS=500, serverMonitoringMode=AUTO, serverListeners='[]', serverMonitorListeners='[]'}, sslSettings=SslSettings{enabled=true, invalidHostNameAllowed=false, context=null}, applicationName='null', compressorList=[], uuidRepresentation=UNSPECIFIED, serverApi=null, autoEncryptionSettings=null, dnsClient=null, inetAddressResolver=null, contextProvider=null, timeoutMS=null}
2025-07-05 19:19:27 - UNKNOWN - [cluster-ClusterId{value='68692d679f4216e84dd94e16', description='null'}-srv-diagnostics.tlbmcml.mongodb.net] INFO  org.mongodb.driver.cluster:71 - Adding discovered server ac-1ouplwk-shard-00-01.tlbmcml.mongodb.net:27017 to client view of cluster
2025-07-05 19:19:27 - UNKNOWN - [cluster-ClusterId{value='68692d679f4216e84dd94e16', description='null'}-srv-diagnostics.tlbmcml.mongodb.net] INFO  org.mongodb.driver.cluster:71 - Adding discovered server ac-1ouplwk-shard-00-02.tlbmcml.mongodb.net:27017 to client view of cluster
2025-07-05 19:19:27 - UNKNOWN - [cluster-ClusterId{value='68692d679f4216e84dd94e16', description='null'}-ac-1ouplwk-shard-00-00.tlbmcml.mongodb.net:27017] INFO  org.mongodb.driver.cluster:71 - Monitor thread successfully connected to server with description ServerDescription{address=ac-1ouplwk-shard-00-00.tlbmcml.mongodb.net:27017, type=REPLICA_SET_SECONDARY, cryptd=false, state=CONNECTED, ok=true, minWireVersion=0, maxWireVersion=25, maxDocumentSize=16777216, logicalSessionTimeoutMinutes=30, roundTripTimeNanos=399044400, minRoundTripTimeNanos=0, setName='atlas-192ygx-shard-0', canonicalAddress=ac-1ouplwk-shard-00-00.tlbmcml.mongodb.net:27017, hosts=[ac-1ouplwk-shard-00-00.tlbmcml.mongodb.net:27017, ac-1ouplwk-shard-00-02.tlbmcml.mongodb.net:27017, ac-1ouplwk-shard-00-01.tlbmcml.mongodb.net:27017], passives=[], arbiters=[], primary='ac-1ouplwk-shard-00-02.tlbmcml.mongodb.net:27017', tagSet=TagSet{[Tag{name='availabilityZone', value='aps1-az1'}, Tag{name='diskState', value='READY'}, Tag{name='nodeType', value='ELECTABLE'}, Tag{name='provider', value='AWS'}, Tag{name='region', value='AP_SOUTH_1'}, Tag{name='workloadType', value='OPERATIONAL'}]}, electionId=null, setVersion=25, topologyVersion=TopologyVersion{processId=6867defeb7e882e73291e745, counter=4}, lastWriteDate=Sat Jul 05 19:19:26 IST 2025, lastUpdateTimeNanos=1571334808770900}
2025-07-05 19:19:27 - UNKNOWN - [cluster-ClusterId{value='68692d679f4216e84dd94e16', description='null'}-ac-1ouplwk-shard-00-02.tlbmcml.mongodb.net:27017] INFO  org.mongodb.driver.cluster:71 - Monitor thread successfully connected to server with description ServerDescription{address=ac-1ouplwk-shard-00-02.tlbmcml.mongodb.net:27017, type=REPLICA_SET_PRIMARY, cryptd=false, state=CONNECTED, ok=true, minWireVersion=0, maxWireVersion=25, maxDocumentSize=16777216, logicalSessionTimeoutMinutes=30, roundTripTimeNanos=399044100, minRoundTripTimeNanos=0, setName='atlas-192ygx-shard-0', canonicalAddress=ac-1ouplwk-shard-00-02.tlbmcml.mongodb.net:27017, hosts=[ac-1ouplwk-shard-00-00.tlbmcml.mongodb.net:27017, ac-1ouplwk-shard-00-02.tlbmcml.mongodb.net:27017, ac-1ouplwk-shard-00-01.tlbmcml.mongodb.net:27017], passives=[], arbiters=[], primary='ac-1ouplwk-shard-00-02.tlbmcml.mongodb.net:27017', tagSet=TagSet{[Tag{name='availabilityZone', value='aps1-az2'}, Tag{name='diskState', value='READY'}, Tag{name='nodeType', value='ELECTABLE'}, Tag{name='provider', value='AWS'}, Tag{name='region', value='AP_SOUTH_1'}, Tag{name='workloadType', value='OPERATIONAL'}]}, electionId=7fffffff0000000000000026, setVersion=25, topologyVersion=TopologyVersion{processId=6867df34e5817937d6761e99, counter=6}, lastWriteDate=Sat Jul 05 19:19:26 IST 2025, lastUpdateTimeNanos=1571334808770800}
2025-07-05 19:19:27 - UNKNOWN - [cluster-ClusterId{value='68692d679f4216e84dd94e16', description='null'}-ac-1ouplwk-shard-00-01.tlbmcml.mongodb.net:27017] INFO  org.mongodb.driver.cluster:71 - Monitor thread successfully connected to server with description ServerDescription{address=ac-1ouplwk-shard-00-01.tlbmcml.mongodb.net:27017, type=REPLICA_SET_SECONDARY, cryptd=false, state=CONNECTED, ok=true, minWireVersion=0, maxWireVersion=25, maxDocumentSize=16777216, logicalSessionTimeoutMinutes=30, roundTripTimeNanos=399000000, minRoundTripTimeNanos=0, setName='atlas-192ygx-shard-0', canonicalAddress=ac-1ouplwk-shard-00-01.tlbmcml.mongodb.net:27017, hosts=[ac-1ouplwk-shard-00-00.tlbmcml.mongodb.net:27017, ac-1ouplwk-shard-00-02.tlbmcml.mongodb.net:27017, ac-1ouplwk-shard-00-01.tlbmcml.mongodb.net:27017], passives=[], arbiters=[], primary='ac-1ouplwk-shard-00-02.tlbmcml.mongodb.net:27017', tagSet=TagSet{[Tag{name='availabilityZone', value='aps1-az3'}, Tag{name='diskState', value='READY'}, Tag{name='nodeType', value='ELECTABLE'}, Tag{name='provider', value='AWS'}, Tag{name='region', value='AP_SOUTH_1'}, Tag{name='workloadType', value='OPERATIONAL'}]}, electionId=null, setVersion=25, topologyVersion=TopologyVersion{processId=6867df6a4f293ecd76eafc3b, counter=3}, lastWriteDate=Sat Jul 05 19:19:26 IST 2025, lastUpdateTimeNanos=1571334808770600}
2025-07-05 19:19:27 - UNKNOWN - [cluster-ClusterId{value='68692d679f4216e84dd94e16', description='null'}-ac-1ouplwk-shard-00-02.tlbmcml.mongodb.net:27017] INFO  org.mongodb.driver.cluster:71 - Discovered replica set primary ac-1ouplwk-shard-00-02.tlbmcml.mongodb.net:27017 with max election id 7fffffff0000000000000026 and max set version 25
2025-07-05 19:19:28 - UNKNOWN - [main] DEBUG c.l.auth.filter.BasicAuthFilter:240 - Filter 'basicAuthFilter' configured for use
2025-07-05 19:19:28 - UNKNOWN - [main] DEBUG c.l.auth.filter.BasicAuthFilter:240 - Filter 'basicAuthFilter' configured for use
2025-07-05 19:19:28 - UNKNOWN - [main] DEBUG c.learning.auth.filter.JwtAuthFilter:240 - Filter 'jwtAuthFilter' configured for use
2025-07-05 19:19:28 - UNKNOWN - [main] DEBUG c.learning.auth.filter.JwtAuthFilter:240 - Filter 'jwtAuthFilter' configured for use
2025-07-05 19:19:28 - UNKNOWN - [main] DEBUG c.l.auth.filter.RequestWrapperFilter:240 - Filter 'requestWrapperFilter' configured for use
2025-07-05 19:19:28 - UNKNOWN - [main] DEBUG c.l.auth.filter.RequestWrapperFilter:240 - Filter 'requestWrapperFilter' configured for use
2025-07-05 19:19:28 - UNKNOWN - [main] DEBUG c.l.auth.filter.RoleAccessFilter:240 - Filter 'roleAccessFilter' configured for use
2025-07-05 19:19:28 - UNKNOWN - [main] DEBUG c.l.auth.filter.RoleAccessFilter:240 - Filter 'roleAccessFilter' configured for use
2025-07-05 19:19:28 - UNKNOWN - [main] DEBUG c.l.auth.filter.RoleAuthFilter:240 - Filter 'roleAuthFilter' configured for use
2025-07-05 19:19:28 - UNKNOWN - [main] DEBUG c.l.auth.filter.RoleAuthFilter:240 - Filter 'roleAuthFilter' configured for use
2025-07-05 19:19:28 - UNKNOWN - [main] INFO  o.s.s.c.a.a.c.InitializeUserDetailsBeanManagerConfigurer$InitializeUserDetailsManagerConfigurer:110 - Global AuthenticationManager configured with UserDetailsService bean with name userDetailsServiceImpl
2025-07-05 19:19:29 - UNKNOWN - [main] INFO  o.s.b.a.e.web.EndpointLinksResolver:60 - Exposing 1 endpoint beneath base path '/actuator'
2025-07-05 19:19:29 - UNKNOWN - [main] INFO  o.a.coyote.http11.Http11NioProtocol:168 - Starting ProtocolHandler ["http-nio-8081"]
2025-07-05 19:19:29 - UNKNOWN - [main] INFO  o.s.b.w.e.tomcat.TomcatWebServer:243 - Tomcat started on port 8081 (http) with context path '/'
2025-07-05 19:19:29 - UNKNOWN - [main] INFO  c.l.auth.AuthServerApplication:59 - Started AuthServerApplication in 6.785 seconds (process running for 8.013)
2025-07-05 19:19:29 - UNKNOWN - [main] INFO  c.l.auth.AuthServerApplication:59 - Started AuthServerApplication in 6.785 seconds (process running for 8.013)
2025-07-05 19:20:26 - UNKNOWN - [http-nio-8081-exec-1] INFO  o.a.c.c.C.[Tomcat].[localhost].[/]:168 - Initializing Spring DispatcherServlet 'dispatcherServlet'
2025-07-05 19:20:26 - UNKNOWN - [http-nio-8081-exec-1] INFO  o.s.web.servlet.DispatcherServlet:532 - Initializing Servlet 'dispatcherServlet'
2025-07-05 19:20:26 - UNKNOWN - [http-nio-8081-exec-1] INFO  o.s.web.servlet.DispatcherServlet:554 - Completed initialization in 1 ms
2025-07-05 19:20:26 - UNKNOWN - [http-nio-8081-exec-1] DEBUG c.l.auth.filter.RequestWrapperFilter:24 - RequestWrapperFilter is invoked for request: /api/v1/auth/login
2025-07-05 19:20:26 - UNKNOWN - [http-nio-8081-exec-1] DEBUG c.l.auth.filter.RequestWrapperFilter:24 - RequestWrapperFilter is invoked for request: /api/v1/auth/login
2025-07-05 19:20:26 - 362743b6-7bf8-4eee-904b-544b94d9ecc9 - [http-nio-8081-exec-1] DEBUG c.l.a.interceptor.RequestInterceptor:37 - Injected header X-Tracking-Id with value 362743b6-7bf8-4eee-904b-544b94d9ecc9 into the request
2025-07-05 19:20:26 - 362743b6-7bf8-4eee-904b-544b94d9ecc9 - [http-nio-8081-exec-1] DEBUG c.l.a.interceptor.RequestInterceptor:37 - Injected header X-Tracking-Id with value 362743b6-7bf8-4eee-904b-544b94d9ecc9 into the request
2025-07-05 19:20:26 - 362743b6-7bf8-4eee-904b-544b94d9ecc9 - [http-nio-8081-exec-1] DEBUG c.l.a.interceptor.RequestInterceptor:45 - Before controller Request URI: /api/v1/auth/login, method: POST
2025-07-05 19:20:26 - 362743b6-7bf8-4eee-904b-544b94d9ecc9 - [http-nio-8081-exec-1] DEBUG c.l.a.interceptor.RequestInterceptor:45 - Before controller Request URI: /api/v1/auth/login, method: POST
2025-07-05 19:20:26 - 362743b6-7bf8-4eee-904b-544b94d9ecc9 - [http-nio-8081-exec-1] DEBUG c.l.a.interceptor.RequestInterceptor:54 - Before controller request body: {
  "username" : "varun@gmail.com",
  "password" : "******"
}
2025-07-05 19:20:26 - 362743b6-7bf8-4eee-904b-544b94d9ecc9 - [http-nio-8081-exec-1] DEBUG c.l.a.interceptor.RequestInterceptor:54 - Before controller request body: {
  "username" : "varun@gmail.com",
  "password" : "******"
}
2025-07-05 19:20:26 - 362743b6-7bf8-4eee-904b-544b94d9ecc9 - [http-nio-8081-exec-1] DEBUG c.l.a.e.handler.RequestLoggerAdvice:43 - Before controller: com.learning.auth.controller.AuthController.login, request body: LoginRequest(username=varun@gmail.com, password=Abcd1234) 
2025-07-05 19:20:26 - 362743b6-7bf8-4eee-904b-544b94d9ecc9 - [http-nio-8081-exec-1] DEBUG c.l.a.e.handler.RequestLoggerAdvice:43 - Before controller: com.learning.auth.controller.AuthController.login, request body: LoginRequest(username=varun@gmail.com, password=Abcd1234) 
2025-07-05 19:20:26 - 362743b6-7bf8-4eee-904b-544b94d9ecc9 - [http-nio-8081-exec-1] INFO  c.l.auth.controller.AuthController:26 - Received login request for user: varun@gmail.com
2025-07-05 19:20:26 - 362743b6-7bf8-4eee-904b-544b94d9ecc9 - [http-nio-8081-exec-1] INFO  c.l.auth.controller.AuthController:26 - Received login request for user: varun@gmail.com
2025-07-05 19:20:26 - 362743b6-7bf8-4eee-904b-544b94d9ecc9 - [http-nio-8081-exec-1] INFO  c.l.a.service.impl.AuthServiceImpl:40 - Processing login request for user: varun@gmail.com
2025-07-05 19:20:26 - 362743b6-7bf8-4eee-904b-544b94d9ecc9 - [http-nio-8081-exec-1] INFO  c.l.a.service.impl.AuthServiceImpl:40 - Processing login request for user: varun@gmail.com
2025-07-05 19:20:26 - 362743b6-7bf8-4eee-904b-544b94d9ecc9 - [http-nio-8081-exec-1] INFO  c.l.a.service.impl.AuthServiceImpl:49 - User varun@gmail.com authenticated successfully
2025-07-05 19:20:26 - 362743b6-7bf8-4eee-904b-544b94d9ecc9 - [http-nio-8081-exec-1] INFO  c.l.a.service.impl.AuthServiceImpl:49 - User varun@gmail.com authenticated successfully
2025-07-05 19:20:27 - 362743b6-7bf8-4eee-904b-544b94d9ecc9 - [http-nio-8081-exec-1] INFO  c.l.a.service.impl.AuthServiceImpl:61 - Generated JWT token for user: varun@gmail.com
2025-07-05 19:20:27 - 362743b6-7bf8-4eee-904b-544b94d9ecc9 - [http-nio-8081-exec-1] INFO  c.l.a.service.impl.AuthServiceImpl:61 - Generated JWT token for user: varun@gmail.com
2025-07-05 19:20:27 - 362743b6-7bf8-4eee-904b-544b94d9ecc9 - [http-nio-8081-exec-1] DEBUG c.l.a.e.handler.ResponseBodyLogger:31 - After completing Response Body: LoginResponse(token=eyJhbGciOiJSUzI1NiJ9.eyJyb2xlIjoiQURNSU4iLCJ1c2VybmFtZSI6InZhcnVuQGdtYWlsLmNvbSIsInN1YiI6InZhcnVuQGdtYWlsLmNvbSIsImlhdCI6MTc1MTcyMzQyNywiZXhwIjoxNzUxNzU5NDI3fQ.cNtparRi9AU5EAJuBSZVgbU74Bc2eXPsBlVPoSEc1Rik1tYitvNB1KXu8DcKQaGLBBxijkhM_LbeLNtF2glg3nXMv77rqoymhVVp0DWPYfPdHLHuu8LoEz0u8I0JHjtAr33G9TM3H8dSEAtnspKe_l5ZRrvGjguCmjJToUz09WpBZKpP4Cq6dKsuqdsufx6sftZ0AP0z_drphNv9L1l30CuqkRXBktZ5ljJhQqWG-0Irwq9I5tdiJ8uGslYclXHXyQn8jvNha58TrQFphe9KEtK8Ik6XFTxS6AcYufNrzRjDGTzsLOOZ2CvA-JP-Qfn99I6__uXautSUuVEj3WNjwQ) for API: http://localhost:8081/api/v1/auth/login and method: 
2025-07-05 19:20:27 - 362743b6-7bf8-4eee-904b-544b94d9ecc9 - [http-nio-8081-exec-1] DEBUG c.l.a.e.handler.ResponseBodyLogger:31 - After completing Response Body: LoginResponse(token=eyJhbGciOiJSUzI1NiJ9.eyJyb2xlIjoiQURNSU4iLCJ1c2VybmFtZSI6InZhcnVuQGdtYWlsLmNvbSIsInN1YiI6InZhcnVuQGdtYWlsLmNvbSIsImlhdCI6MTc1MTcyMzQyNywiZXhwIjoxNzUxNzU5NDI3fQ.cNtparRi9AU5EAJuBSZVgbU74Bc2eXPsBlVPoSEc1Rik1tYitvNB1KXu8DcKQaGLBBxijkhM_LbeLNtF2glg3nXMv77rqoymhVVp0DWPYfPdHLHuu8LoEz0u8I0JHjtAr33G9TM3H8dSEAtnspKe_l5ZRrvGjguCmjJToUz09WpBZKpP4Cq6dKsuqdsufx6sftZ0AP0z_drphNv9L1l30CuqkRXBktZ5ljJhQqWG-0Irwq9I5tdiJ8uGslYclXHXyQn8jvNha58TrQFphe9KEtK8Ik6XFTxS6AcYufNrzRjDGTzsLOOZ2CvA-JP-Qfn99I6__uXautSUuVEj3WNjwQ) for API: http://localhost:8081/api/v1/auth/login and method: 
2025-07-05 19:20:27 - 362743b6-7bf8-4eee-904b-544b94d9ecc9 - [http-nio-8081-exec-1] DEBUG c.l.a.e.handler.ResponseBodyLogger:44 - After returning controller: com.learning.auth.controller.AuthController.login, request body: {
  "token" : "eyJhbGciOiJSUzI1NiJ9.eyJyb2xlIjoiQURNSU4iLCJ1c2VybmFtZSI6InZhcnVuQGdtYWlsLmNvbSIsInN1YiI6InZhcnVuQGdtYWlsLmNvbSIsImlhdCI6MTc1MTcyMzQyNywiZXhwIjoxNzUxNzU5NDI3fQ.cNtparRi9AU5EAJuBSZVgbU74Bc2eXPsBlVPoSEc1Rik1tYitvNB1KXu8DcKQaGLBBxijkhM_LbeLNtF2glg3nXMv77rqoymhVVp0DWPYfPdHLHuu8LoEz0u8I0JHjtAr33G9TM3H8dSEAtnspKe_l5ZRrvGjguCmjJToUz09WpBZKpP4Cq6dKsuqdsufx6sftZ0AP0z_drphNv9L1l30CuqkRXBktZ5ljJhQqWG-0Irwq9I5tdiJ8uGslYclXHXyQn8jvNha58TrQFphe9KEtK8Ik6XFTxS6AcYufNrzRjDGTzsLOOZ2CvA-JP-Qfn99I6__uXautSUuVEj3WNjwQ"
}
2025-07-05 19:20:27 - 362743b6-7bf8-4eee-904b-544b94d9ecc9 - [http-nio-8081-exec-1] DEBUG c.l.a.e.handler.ResponseBodyLogger:44 - After returning controller: com.learning.auth.controller.AuthController.login, request body: {
  "token" : "eyJhbGciOiJSUzI1NiJ9.eyJyb2xlIjoiQURNSU4iLCJ1c2VybmFtZSI6InZhcnVuQGdtYWlsLmNvbSIsInN1YiI6InZhcnVuQGdtYWlsLmNvbSIsImlhdCI6MTc1MTcyMzQyNywiZXhwIjoxNzUxNzU5NDI3fQ.cNtparRi9AU5EAJuBSZVgbU74Bc2eXPsBlVPoSEc1Rik1tYitvNB1KXu8DcKQaGLBBxijkhM_LbeLNtF2glg3nXMv77rqoymhVVp0DWPYfPdHLHuu8LoEz0u8I0JHjtAr33G9TM3H8dSEAtnspKe_l5ZRrvGjguCmjJToUz09WpBZKpP4Cq6dKsuqdsufx6sftZ0AP0z_drphNv9L1l30CuqkRXBktZ5ljJhQqWG-0Irwq9I5tdiJ8uGslYclXHXyQn8jvNha58TrQFphe9KEtK8Ik6XFTxS6AcYufNrzRjDGTzsLOOZ2CvA-JP-Qfn99I6__uXautSUuVEj3WNjwQ"
}
2025-07-05 19:20:27 - 362743b6-7bf8-4eee-904b-544b94d9ecc9 - [http-nio-8081-exec-1] DEBUG c.l.a.interceptor.RequestInterceptor:76 - Request processing completed for URI: /api/v1/auth/login, method: POST, duration: 445 ms
2025-07-05 19:20:27 - 362743b6-7bf8-4eee-904b-544b94d9ecc9 - [http-nio-8081-exec-1] DEBUG c.l.a.interceptor.RequestInterceptor:76 - Request processing completed for URI: /api/v1/auth/login, method: POST, duration: 445 ms
2025-07-05 19:22:13 - UNKNOWN - [main] INFO  c.l.auth.AuthServerApplication:53 - Starting AuthServerApplication using Java 17.0.8 with PID 580 (D:\java\Auth-Server\build\classes\java\main started by ashis in D:\java\Auth-Server)
2025-07-05 19:22:13 - UNKNOWN - [main] INFO  c.l.auth.AuthServerApplication:53 - Starting AuthServerApplication using Java 17.0.8 with PID 580 (D:\java\Auth-Server\build\classes\java\main started by ashis in D:\java\Auth-Server)
2025-07-05 19:22:13 - UNKNOWN - [main] DEBUG c.l.auth.AuthServerApplication:54 - Running with Spring Boot v3.5.3, Spring v6.2.8
2025-07-05 19:22:13 - UNKNOWN - [main] DEBUG c.l.auth.AuthServerApplication:54 - Running with Spring Boot v3.5.3, Spring v6.2.8
2025-07-05 19:22:13 - UNKNOWN - [main] INFO  c.l.auth.AuthServerApplication:652 - No active profile set, falling back to 1 default profile: "default"
2025-07-05 19:22:13 - UNKNOWN - [main] INFO  c.l.auth.AuthServerApplication:652 - No active profile set, falling back to 1 default profile: "default"
2025-07-05 19:22:14 - UNKNOWN - [main] INFO  o.s.d.r.c.RepositoryConfigurationDelegate:145 - Bootstrapping Spring Data MongoDB repositories in DEFAULT mode.
2025-07-05 19:22:14 - UNKNOWN - [main] INFO  o.s.d.r.c.RepositoryConfigurationDelegate:213 - Finished Spring Data repository scanning in 66 ms. Found 3 MongoDB repository interfaces.
2025-07-05 19:22:14 - UNKNOWN - [main] INFO  o.s.b.w.e.tomcat.TomcatWebServer:111 - Tomcat initialized with port 8081 (http)
2025-07-05 19:22:15 - UNKNOWN - [main] INFO  o.a.coyote.http11.Http11NioProtocol:168 - Initializing ProtocolHandler ["http-nio-8081"]
2025-07-05 19:22:15 - UNKNOWN - [main] INFO  o.a.catalina.core.StandardService:168 - Starting service [Tomcat]
2025-07-05 19:22:15 - UNKNOWN - [main] INFO  o.a.catalina.core.StandardEngine:168 - Starting Servlet engine: [Apache Tomcat/10.1.42]
2025-07-05 19:22:15 - UNKNOWN - [main] INFO  o.a.c.c.C.[Tomcat].[localhost].[/]:168 - Initializing Spring embedded WebApplicationContext
2025-07-05 19:22:15 - UNKNOWN - [main] INFO  o.s.b.w.s.c.ServletWebServerApplicationContext:301 - Root WebApplicationContext: initialization completed in 1955 ms
2025-07-05 19:22:15 - UNKNOWN - [main] DEBUG c.learning.auth.config.MongoConfig:38 - MongoDB connection string: mongodb+srv://rachna_bharti:vXiJTE2lroaDdwa0@diagnostics.tlbmcml.mongodb.net/auth-server?retryWrites=true&w=majority
2025-07-05 19:22:15 - UNKNOWN - [main] DEBUG c.learning.auth.config.MongoConfig:38 - MongoDB connection string: mongodb+srv://rachna_bharti:vXiJTE2lroaDdwa0@diagnostics.tlbmcml.mongodb.net/auth-server?retryWrites=true&w=majority
2025-07-05 19:22:15 - UNKNOWN - [main] INFO  org.mongodb.driver.client:71 - MongoClient with metadata {"driver": {"name": "mongo-java-driver|sync", "version": "5.5.1"}, "os": {"type": "Windows", "name": "Windows 11", "architecture": "amd64", "version": "10.0"}, "platform": "Java/Azul Systems, Inc./17.0.8+7-LTS"} created with settings MongoClientSettings{readPreference=primary, writeConcern=WriteConcern{w=majority, wTimeout=null ms, journal=null}, retryWrites=true, retryReads=true, readConcern=ReadConcern{level=null}, credential=MongoCredential{mechanism=null, userName='rachna_bharti', source='admin', password=<hidden>, mechanismProperties=<hidden>}, transportSettings=null, commandListeners=[], codecRegistry=ProvidersCodecRegistry{codecProviders=[ValueCodecProvider{}, BsonValueCodecProvider{}, DBRefCodecProvider{}, DBObjectCodecProvider{}, DocumentCodecProvider{}, CollectionCodecProvider{}, IterableCodecProvider{}, MapCodecProvider{}, GeoJsonCodecProvider{}, GridFSFileCodecProvider{}, Jsr310CodecProvider{}, JsonObjectCodecProvider{}, BsonCodecProvider{}, EnumCodecProvider{}, com.mongodb.client.model.mql.ExpressionCodecProvider@7ab63838, com.mongodb.Jep395RecordCodecProvider@4e974b9e, com.mongodb.KotlinCodecProvider@370c7cc5]}, loggerSettings=LoggerSettings{maxDocumentLength=1000}, clusterSettings={hosts=[127.0.0.1:27017], srvHost=diagnostics.tlbmcml.mongodb.net, srvServiceName=mongodb, mode=MULTIPLE, requiredClusterType=REPLICA_SET, requiredReplicaSetName='atlas-192ygx-shard-0', serverSelector='null', clusterListeners='[]', serverSelectionTimeout='30000 ms', localThreshold='15 ms'}, socketSettings=SocketSettings{connectTimeoutMS=10000, readTimeoutMS=0, receiveBufferSize=0, proxySettings=ProxySettings{host=null, port=null, username=null, password=null}}, heartbeatSocketSettings=SocketSettings{connectTimeoutMS=10000, readTimeoutMS=10000, receiveBufferSize=0, proxySettings=ProxySettings{host=null, port=null, username=null, password=null}}, connectionPoolSettings=ConnectionPoolSettings{maxSize=100, minSize=0, maxWaitTimeMS=120000, maxConnectionLifeTimeMS=0, maxConnectionIdleTimeMS=0, maintenanceInitialDelayMS=0, maintenanceFrequencyMS=60000, connectionPoolListeners=[], maxConnecting=2}, serverSettings=ServerSettings{heartbeatFrequencyMS=10000, minHeartbeatFrequencyMS=500, serverMonitoringMode=AUTO, serverListeners='[]', serverMonitorListeners='[]'}, sslSettings=SslSettings{enabled=true, invalidHostNameAllowed=false, context=null}, applicationName='null', compressorList=[], uuidRepresentation=UNSPECIFIED, serverApi=null, autoEncryptionSettings=null, dnsClient=null, inetAddressResolver=null, contextProvider=null, timeoutMS=null}
2025-07-05 19:22:15 - UNKNOWN - [cluster-ClusterId{value='68692e0f4ec4f204517fa253', description='null'}-srv-diagnostics.tlbmcml.mongodb.net] INFO  org.mongodb.driver.cluster:71 - Adding discovered server ac-1ouplwk-shard-00-00.tlbmcml.mongodb.net:27017 to client view of cluster
2025-07-05 19:22:15 - UNKNOWN - [cluster-ClusterId{value='68692e0f4ec4f204517fa253', description='null'}-srv-diagnostics.tlbmcml.mongodb.net] INFO  org.mongodb.driver.cluster:71 - Adding discovered server ac-1ouplwk-shard-00-01.tlbmcml.mongodb.net:27017 to client view of cluster
2025-07-05 19:22:15 - UNKNOWN - [cluster-ClusterId{value='68692e0f4ec4f204517fa253', description='null'}-srv-diagnostics.tlbmcml.mongodb.net] INFO  org.mongodb.driver.cluster:71 - Adding discovered server ac-1ouplwk-shard-00-02.tlbmcml.mongodb.net:27017 to client view of cluster
2025-07-05 19:22:16 - UNKNOWN - [cluster-ClusterId{value='68692e0f4ec4f204517fa253', description='null'}-ac-1ouplwk-shard-00-01.tlbmcml.mongodb.net:27017] INFO  org.mongodb.driver.cluster:71 - Monitor thread successfully connected to server with description ServerDescription{address=ac-1ouplwk-shard-00-01.tlbmcml.mongodb.net:27017, type=REPLICA_SET_SECONDARY, cryptd=false, state=CONNECTED, ok=true, minWireVersion=0, maxWireVersion=25, maxDocumentSize=16777216, logicalSessionTimeoutMinutes=30, roundTripTimeNanos=353866800, minRoundTripTimeNanos=0, setName='atlas-192ygx-shard-0', canonicalAddress=ac-1ouplwk-shard-00-01.tlbmcml.mongodb.net:27017, hosts=[ac-1ouplwk-shard-00-00.tlbmcml.mongodb.net:27017, ac-1ouplwk-shard-00-02.tlbmcml.mongodb.net:27017, ac-1ouplwk-shard-00-01.tlbmcml.mongodb.net:27017], passives=[], arbiters=[], primary='ac-1ouplwk-shard-00-02.tlbmcml.mongodb.net:27017', tagSet=TagSet{[Tag{name='availabilityZone', value='aps1-az3'}, Tag{name='diskState', value='READY'}, Tag{name='nodeType', value='ELECTABLE'}, Tag{name='provider', value='AWS'}, Tag{name='region', value='AP_SOUTH_1'}, Tag{name='workloadType', value='OPERATIONAL'}]}, electionId=null, setVersion=25, topologyVersion=TopologyVersion{processId=6867df6a4f293ecd76eafc3b, counter=3}, lastWriteDate=Sat Jul 05 19:22:14 IST 2025, lastUpdateTimeNanos=1571503441850600}
2025-07-05 19:22:16 - UNKNOWN - [cluster-ClusterId{value='68692e0f4ec4f204517fa253', description='null'}-ac-1ouplwk-shard-00-00.tlbmcml.mongodb.net:27017] INFO  org.mongodb.driver.cluster:71 - Monitor thread successfully connected to server with description ServerDescription{address=ac-1ouplwk-shard-00-00.tlbmcml.mongodb.net:27017, type=REPLICA_SET_SECONDARY, cryptd=false, state=CONNECTED, ok=true, minWireVersion=0, maxWireVersion=25, maxDocumentSize=16777216, logicalSessionTimeoutMinutes=30, roundTripTimeNanos=353857300, minRoundTripTimeNanos=0, setName='atlas-192ygx-shard-0', canonicalAddress=ac-1ouplwk-shard-00-00.tlbmcml.mongodb.net:27017, hosts=[ac-1ouplwk-shard-00-00.tlbmcml.mongodb.net:27017, ac-1ouplwk-shard-00-02.tlbmcml.mongodb.net:27017, ac-1ouplwk-shard-00-01.tlbmcml.mongodb.net:27017], passives=[], arbiters=[], primary='ac-1ouplwk-shard-00-02.tlbmcml.mongodb.net:27017', tagSet=TagSet{[Tag{name='availabilityZone', value='aps1-az1'}, Tag{name='diskState', value='READY'}, Tag{name='nodeType', value='ELECTABLE'}, Tag{name='provider', value='AWS'}, Tag{name='region', value='AP_SOUTH_1'}, Tag{name='workloadType', value='OPERATIONAL'}]}, electionId=null, setVersion=25, topologyVersion=TopologyVersion{processId=6867defeb7e882e73291e745, counter=4}, lastWriteDate=Sat Jul 05 19:22:14 IST 2025, lastUpdateTimeNanos=1571503441850500}
2025-07-05 19:22:16 - UNKNOWN - [cluster-ClusterId{value='68692e0f4ec4f204517fa253', description='null'}-ac-1ouplwk-shard-00-02.tlbmcml.mongodb.net:27017] INFO  org.mongodb.driver.cluster:71 - Monitor thread successfully connected to server with description ServerDescription{address=ac-1ouplwk-shard-00-02.tlbmcml.mongodb.net:27017, type=REPLICA_SET_PRIMARY, cryptd=false, state=CONNECTED, ok=true, minWireVersion=0, maxWireVersion=25, maxDocumentSize=16777216, logicalSessionTimeoutMinutes=30, roundTripTimeNanos=353864400, minRoundTripTimeNanos=0, setName='atlas-192ygx-shard-0', canonicalAddress=ac-1ouplwk-shard-00-02.tlbmcml.mongodb.net:27017, hosts=[ac-1ouplwk-shard-00-00.tlbmcml.mongodb.net:27017, ac-1ouplwk-shard-00-02.tlbmcml.mongodb.net:27017, ac-1ouplwk-shard-00-01.tlbmcml.mongodb.net:27017], passives=[], arbiters=[], primary='ac-1ouplwk-shard-00-02.tlbmcml.mongodb.net:27017', tagSet=TagSet{[Tag{name='availabilityZone', value='aps1-az2'}, Tag{name='diskState', value='READY'}, Tag{name='nodeType', value='ELECTABLE'}, Tag{name='provider', value='AWS'}, Tag{name='region', value='AP_SOUTH_1'}, Tag{name='workloadType', value='OPERATIONAL'}]}, electionId=7fffffff0000000000000026, setVersion=25, topologyVersion=TopologyVersion{processId=6867df34e5817937d6761e99, counter=6}, lastWriteDate=Sat Jul 05 19:22:14 IST 2025, lastUpdateTimeNanos=1571503441850600}
2025-07-05 19:22:16 - UNKNOWN - [cluster-ClusterId{value='68692e0f4ec4f204517fa253', description='null'}-ac-1ouplwk-shard-00-02.tlbmcml.mongodb.net:27017] INFO  org.mongodb.driver.cluster:71 - Discovered replica set primary ac-1ouplwk-shard-00-02.tlbmcml.mongodb.net:27017 with max election id 7fffffff0000000000000026 and max set version 25
2025-07-05 19:22:17 - UNKNOWN - [main] DEBUG c.l.auth.filter.BasicAuthFilter:240 - Filter 'basicAuthFilter' configured for use
2025-07-05 19:22:17 - UNKNOWN - [main] DEBUG c.l.auth.filter.BasicAuthFilter:240 - Filter 'basicAuthFilter' configured for use
2025-07-05 19:22:17 - UNKNOWN - [main] DEBUG c.learning.auth.filter.JwtAuthFilter:240 - Filter 'jwtAuthFilter' configured for use
2025-07-05 19:22:17 - UNKNOWN - [main] DEBUG c.learning.auth.filter.JwtAuthFilter:240 - Filter 'jwtAuthFilter' configured for use
2025-07-05 19:22:17 - UNKNOWN - [main] DEBUG c.l.auth.filter.RequestWrapperFilter:240 - Filter 'requestWrapperFilter' configured for use
2025-07-05 19:22:17 - UNKNOWN - [main] DEBUG c.l.auth.filter.RequestWrapperFilter:240 - Filter 'requestWrapperFilter' configured for use
2025-07-05 19:22:17 - UNKNOWN - [main] DEBUG c.l.auth.filter.RoleAccessFilter:240 - Filter 'roleAccessFilter' configured for use
2025-07-05 19:22:17 - UNKNOWN - [main] DEBUG c.l.auth.filter.RoleAccessFilter:240 - Filter 'roleAccessFilter' configured for use
2025-07-05 19:22:17 - UNKNOWN - [main] DEBUG c.l.auth.filter.RoleAuthFilter:240 - Filter 'roleAuthFilter' configured for use
2025-07-05 19:22:17 - UNKNOWN - [main] DEBUG c.l.auth.filter.RoleAuthFilter:240 - Filter 'roleAuthFilter' configured for use
2025-07-05 19:22:17 - UNKNOWN - [main] INFO  o.s.s.c.a.a.c.InitializeUserDetailsBeanManagerConfigurer$InitializeUserDetailsManagerConfigurer:110 - Global AuthenticationManager configured with UserDetailsService bean with name userDetailsServiceImpl
2025-07-05 19:22:17 - UNKNOWN - [main] INFO  o.s.b.a.e.web.EndpointLinksResolver:60 - Exposing 1 endpoint beneath base path '/actuator'
2025-07-05 19:22:18 - UNKNOWN - [main] INFO  o.a.coyote.http11.Http11NioProtocol:168 - Starting ProtocolHandler ["http-nio-8081"]
2025-07-05 19:22:18 - UNKNOWN - [main] INFO  o.s.b.w.e.tomcat.TomcatWebServer:243 - Tomcat started on port 8081 (http) with context path '/'
2025-07-05 19:22:18 - UNKNOWN - [main] INFO  c.l.auth.AuthServerApplication:59 - Started AuthServerApplication in 6.362 seconds (process running for 6.914)
2025-07-05 19:22:18 - UNKNOWN - [main] INFO  c.l.auth.AuthServerApplication:59 - Started AuthServerApplication in 6.362 seconds (process running for 6.914)
2025-07-05 19:22:25 - UNKNOWN - [http-nio-8081-exec-1] INFO  o.a.c.c.C.[Tomcat].[localhost].[/]:168 - Initializing Spring DispatcherServlet 'dispatcherServlet'
2025-07-05 19:22:25 - UNKNOWN - [http-nio-8081-exec-1] INFO  o.s.web.servlet.DispatcherServlet:532 - Initializing Servlet 'dispatcherServlet'
2025-07-05 19:22:25 - UNKNOWN - [http-nio-8081-exec-1] INFO  o.s.web.servlet.DispatcherServlet:554 - Completed initialization in 1 ms
2025-07-05 19:22:25 - UNKNOWN - [http-nio-8081-exec-1] DEBUG c.l.auth.filter.RequestWrapperFilter:24 - RequestWrapperFilter is invoked for request: /api/v1/auth/login
2025-07-05 19:22:25 - UNKNOWN - [http-nio-8081-exec-1] DEBUG c.l.auth.filter.RequestWrapperFilter:24 - RequestWrapperFilter is invoked for request: /api/v1/auth/login
2025-07-05 19:22:25 - 2d760506-82b5-4010-a183-6c8440f62f9c - [http-nio-8081-exec-1] DEBUG c.l.a.interceptor.RequestInterceptor:37 - Injected header X-Tracking-Id with value 2d760506-82b5-4010-a183-6c8440f62f9c into the request
2025-07-05 19:22:25 - 2d760506-82b5-4010-a183-6c8440f62f9c - [http-nio-8081-exec-1] DEBUG c.l.a.interceptor.RequestInterceptor:37 - Injected header X-Tracking-Id with value 2d760506-82b5-4010-a183-6c8440f62f9c into the request
2025-07-05 19:22:25 - 2d760506-82b5-4010-a183-6c8440f62f9c - [http-nio-8081-exec-1] DEBUG c.l.a.interceptor.RequestInterceptor:45 - Before controller Request URI: /api/v1/auth/login, method: POST
2025-07-05 19:22:25 - 2d760506-82b5-4010-a183-6c8440f62f9c - [http-nio-8081-exec-1] DEBUG c.l.a.interceptor.RequestInterceptor:45 - Before controller Request URI: /api/v1/auth/login, method: POST
2025-07-05 19:22:25 - 2d760506-82b5-4010-a183-6c8440f62f9c - [http-nio-8081-exec-1] DEBUG c.l.a.interceptor.RequestInterceptor:54 - Before controller request body: {
  "username" : "varun@gmail.com",
  "password" : "******"
}
2025-07-05 19:22:25 - 2d760506-82b5-4010-a183-6c8440f62f9c - [http-nio-8081-exec-1] DEBUG c.l.a.interceptor.RequestInterceptor:54 - Before controller request body: {
  "username" : "varun@gmail.com",
  "password" : "******"
}
2025-07-05 19:24:47 - UNKNOWN - [main] INFO  c.l.auth.AuthServerApplication:53 - Starting AuthServerApplication using Java 17.0.8 with PID 26484 (D:\java\Auth-Server\build\classes\java\main started by ashis in D:\java\Auth-Server)
2025-07-05 19:24:47 - UNKNOWN - [main] INFO  c.l.auth.AuthServerApplication:53 - Starting AuthServerApplication using Java 17.0.8 with PID 26484 (D:\java\Auth-Server\build\classes\java\main started by ashis in D:\java\Auth-Server)
2025-07-05 19:24:47 - UNKNOWN - [main] DEBUG c.l.auth.AuthServerApplication:54 - Running with Spring Boot v3.5.3, Spring v6.2.8
2025-07-05 19:24:47 - UNKNOWN - [main] DEBUG c.l.auth.AuthServerApplication:54 - Running with Spring Boot v3.5.3, Spring v6.2.8
2025-07-05 19:24:47 - UNKNOWN - [main] INFO  c.l.auth.AuthServerApplication:652 - No active profile set, falling back to 1 default profile: "default"
2025-07-05 19:24:47 - UNKNOWN - [main] INFO  c.l.auth.AuthServerApplication:652 - No active profile set, falling back to 1 default profile: "default"
2025-07-05 19:24:48 - UNKNOWN - [main] INFO  o.s.d.r.c.RepositoryConfigurationDelegate:145 - Bootstrapping Spring Data MongoDB repositories in DEFAULT mode.
2025-07-05 19:24:48 - UNKNOWN - [main] INFO  o.s.d.r.c.RepositoryConfigurationDelegate:213 - Finished Spring Data repository scanning in 107 ms. Found 3 MongoDB repository interfaces.
2025-07-05 19:24:49 - UNKNOWN - [main] INFO  o.s.b.w.e.tomcat.TomcatWebServer:111 - Tomcat initialized with port 8081 (http)
2025-07-05 19:24:49 - UNKNOWN - [main] INFO  o.a.coyote.http11.Http11NioProtocol:168 - Initializing ProtocolHandler ["http-nio-8081"]
2025-07-05 19:24:49 - UNKNOWN - [main] INFO  o.a.catalina.core.StandardService:168 - Starting service [Tomcat]
2025-07-05 19:24:49 - UNKNOWN - [main] INFO  o.a.catalina.core.StandardEngine:168 - Starting Servlet engine: [Apache Tomcat/10.1.42]
2025-07-05 19:24:49 - UNKNOWN - [main] INFO  o.a.c.c.C.[Tomcat].[localhost].[/]:168 - Initializing Spring embedded WebApplicationContext
2025-07-05 19:24:49 - UNKNOWN - [main] INFO  o.s.b.w.s.c.ServletWebServerApplicationContext:301 - Root WebApplicationContext: initialization completed in 2174 ms
2025-07-05 19:24:49 - UNKNOWN - [main] DEBUG c.learning.auth.config.MongoConfig:38 - MongoDB connection string: mongodb+srv://rachna_bharti:vXiJTE2lroaDdwa0@diagnostics.tlbmcml.mongodb.net/auth-server?retryWrites=true&w=majority
2025-07-05 19:24:49 - UNKNOWN - [main] DEBUG c.learning.auth.config.MongoConfig:38 - MongoDB connection string: mongodb+srv://rachna_bharti:vXiJTE2lroaDdwa0@diagnostics.tlbmcml.mongodb.net/auth-server?retryWrites=true&w=majority
2025-07-05 19:24:50 - UNKNOWN - [main] INFO  org.mongodb.driver.client:71 - MongoClient with metadata {"driver": {"name": "mongo-java-driver|sync", "version": "5.5.1"}, "os": {"type": "Windows", "name": "Windows 11", "architecture": "amd64", "version": "10.0"}, "platform": "Java/Azul Systems, Inc./17.0.8+7-LTS"} created with settings MongoClientSettings{readPreference=primary, writeConcern=WriteConcern{w=majority, wTimeout=null ms, journal=null}, retryWrites=true, retryReads=true, readConcern=ReadConcern{level=null}, credential=MongoCredential{mechanism=null, userName='rachna_bharti', source='admin', password=<hidden>, mechanismProperties=<hidden>}, transportSettings=null, commandListeners=[], codecRegistry=ProvidersCodecRegistry{codecProviders=[ValueCodecProvider{}, BsonValueCodecProvider{}, DBRefCodecProvider{}, DBObjectCodecProvider{}, DocumentCodecProvider{}, CollectionCodecProvider{}, IterableCodecProvider{}, MapCodecProvider{}, GeoJsonCodecProvider{}, GridFSFileCodecProvider{}, Jsr310CodecProvider{}, JsonObjectCodecProvider{}, BsonCodecProvider{}, EnumCodecProvider{}, com.mongodb.client.model.mql.ExpressionCodecProvider@1216eb3f, com.mongodb.Jep395RecordCodecProvider@59e7564b, com.mongodb.KotlinCodecProvider@482ba4b1]}, loggerSettings=LoggerSettings{maxDocumentLength=1000}, clusterSettings={hosts=[127.0.0.1:27017], srvHost=diagnostics.tlbmcml.mongodb.net, srvServiceName=mongodb, mode=MULTIPLE, requiredClusterType=REPLICA_SET, requiredReplicaSetName='atlas-192ygx-shard-0', serverSelector='null', clusterListeners='[]', serverSelectionTimeout='30000 ms', localThreshold='15 ms'}, socketSettings=SocketSettings{connectTimeoutMS=10000, readTimeoutMS=0, receiveBufferSize=0, proxySettings=ProxySettings{host=null, port=null, username=null, password=null}}, heartbeatSocketSettings=SocketSettings{connectTimeoutMS=10000, readTimeoutMS=10000, receiveBufferSize=0, proxySettings=ProxySettings{host=null, port=null, username=null, password=null}}, connectionPoolSettings=ConnectionPoolSettings{maxSize=100, minSize=0, maxWaitTimeMS=120000, maxConnectionLifeTimeMS=0, maxConnectionIdleTimeMS=0, maintenanceInitialDelayMS=0, maintenanceFrequencyMS=60000, connectionPoolListeners=[], maxConnecting=2}, serverSettings=ServerSettings{heartbeatFrequencyMS=10000, minHeartbeatFrequencyMS=500, serverMonitoringMode=AUTO, serverListeners='[]', serverMonitorListeners='[]'}, sslSettings=SslSettings{enabled=true, invalidHostNameAllowed=false, context=null}, applicationName='null', compressorList=[], uuidRepresentation=UNSPECIFIED, serverApi=null, autoEncryptionSettings=null, dnsClient=null, inetAddressResolver=null, contextProvider=null, timeoutMS=null}
2025-07-05 19:24:50 - UNKNOWN - [cluster-ClusterId{value='68692eaab4dbc4fc8b7c42fb', description='null'}-srv-diagnostics.tlbmcml.mongodb.net] INFO  org.mongodb.driver.cluster:71 - Adding discovered server ac-1ouplwk-shard-00-00.tlbmcml.mongodb.net:27017 to client view of cluster
2025-07-05 19:24:50 - UNKNOWN - [cluster-ClusterId{value='68692eaab4dbc4fc8b7c42fb', description='null'}-srv-diagnostics.tlbmcml.mongodb.net] INFO  org.mongodb.driver.cluster:71 - Adding discovered server ac-1ouplwk-shard-00-01.tlbmcml.mongodb.net:27017 to client view of cluster
2025-07-05 19:24:50 - UNKNOWN - [cluster-ClusterId{value='68692eaab4dbc4fc8b7c42fb', description='null'}-srv-diagnostics.tlbmcml.mongodb.net] INFO  org.mongodb.driver.cluster:71 - Adding discovered server ac-1ouplwk-shard-00-02.tlbmcml.mongodb.net:27017 to client view of cluster
2025-07-05 19:24:50 - UNKNOWN - [cluster-ClusterId{value='68692eaab4dbc4fc8b7c42fb', description='null'}-ac-1ouplwk-shard-00-02.tlbmcml.mongodb.net:27017] INFO  org.mongodb.driver.cluster:71 - Monitor thread successfully connected to server with description ServerDescription{address=ac-1ouplwk-shard-00-02.tlbmcml.mongodb.net:27017, type=REPLICA_SET_PRIMARY, cryptd=false, state=CONNECTED, ok=true, minWireVersion=0, maxWireVersion=25, maxDocumentSize=16777216, logicalSessionTimeoutMinutes=30, roundTripTimeNanos=300889500, minRoundTripTimeNanos=0, setName='atlas-192ygx-shard-0', canonicalAddress=ac-1ouplwk-shard-00-02.tlbmcml.mongodb.net:27017, hosts=[ac-1ouplwk-shard-00-00.tlbmcml.mongodb.net:27017, ac-1ouplwk-shard-00-02.tlbmcml.mongodb.net:27017, ac-1ouplwk-shard-00-01.tlbmcml.mongodb.net:27017], passives=[], arbiters=[], primary='ac-1ouplwk-shard-00-02.tlbmcml.mongodb.net:27017', tagSet=TagSet{[Tag{name='availabilityZone', value='aps1-az2'}, Tag{name='diskState', value='READY'}, Tag{name='nodeType', value='ELECTABLE'}, Tag{name='provider', value='AWS'}, Tag{name='region', value='AP_SOUTH_1'}, Tag{name='workloadType', value='OPERATIONAL'}]}, electionId=7fffffff0000000000000026, setVersion=25, topologyVersion=TopologyVersion{processId=6867df34e5817937d6761e99, counter=6}, lastWriteDate=Sat Jul 05 19:24:49 IST 2025, lastUpdateTimeNanos=1571657770615700}
2025-07-05 19:24:50 - UNKNOWN - [cluster-ClusterId{value='68692eaab4dbc4fc8b7c42fb', description='null'}-ac-1ouplwk-shard-00-00.tlbmcml.mongodb.net:27017] INFO  org.mongodb.driver.cluster:71 - Monitor thread successfully connected to server with description ServerDescription{address=ac-1ouplwk-shard-00-00.tlbmcml.mongodb.net:27017, type=REPLICA_SET_SECONDARY, cryptd=false, state=CONNECTED, ok=true, minWireVersion=0, maxWireVersion=25, maxDocumentSize=16777216, logicalSessionTimeoutMinutes=30, roundTripTimeNanos=306326200, minRoundTripTimeNanos=0, setName='atlas-192ygx-shard-0', canonicalAddress=ac-1ouplwk-shard-00-00.tlbmcml.mongodb.net:27017, hosts=[ac-1ouplwk-shard-00-00.tlbmcml.mongodb.net:27017, ac-1ouplwk-shard-00-02.tlbmcml.mongodb.net:27017, ac-1ouplwk-shard-00-01.tlbmcml.mongodb.net:27017], passives=[], arbiters=[], primary='ac-1ouplwk-shard-00-02.tlbmcml.mongodb.net:27017', tagSet=TagSet{[Tag{name='availabilityZone', value='aps1-az1'}, Tag{name='diskState', value='READY'}, Tag{name='nodeType', value='ELECTABLE'}, Tag{name='provider', value='AWS'}, Tag{name='region', value='AP_SOUTH_1'}, Tag{name='workloadType', value='OPERATIONAL'}]}, electionId=null, setVersion=25, topologyVersion=TopologyVersion{processId=6867defeb7e882e73291e745, counter=4}, lastWriteDate=Sat Jul 05 19:24:49 IST 2025, lastUpdateTimeNanos=1571657770616000}
2025-07-05 19:24:50 - UNKNOWN - [cluster-ClusterId{value='68692eaab4dbc4fc8b7c42fb', description='null'}-ac-1ouplwk-shard-00-01.tlbmcml.mongodb.net:27017] INFO  org.mongodb.driver.cluster:71 - Monitor thread successfully connected to server with description ServerDescription{address=ac-1ouplwk-shard-00-01.tlbmcml.mongodb.net:27017, type=REPLICA_SET_SECONDARY, cryptd=false, state=CONNECTED, ok=true, minWireVersion=0, maxWireVersion=25, maxDocumentSize=16777216, logicalSessionTimeoutMinutes=30, roundTripTimeNanos=300864900, minRoundTripTimeNanos=0, setName='atlas-192ygx-shard-0', canonicalAddress=ac-1ouplwk-shard-00-01.tlbmcml.mongodb.net:27017, hosts=[ac-1ouplwk-shard-00-00.tlbmcml.mongodb.net:27017, ac-1ouplwk-shard-00-02.tlbmcml.mongodb.net:27017, ac-1ouplwk-shard-00-01.tlbmcml.mongodb.net:27017], passives=[], arbiters=[], primary='ac-1ouplwk-shard-00-02.tlbmcml.mongodb.net:27017', tagSet=TagSet{[Tag{name='availabilityZone', value='aps1-az3'}, Tag{name='diskState', value='READY'}, Tag{name='nodeType', value='ELECTABLE'}, Tag{name='provider', value='AWS'}, Tag{name='region', value='AP_SOUTH_1'}, Tag{name='workloadType', value='OPERATIONAL'}]}, electionId=null, setVersion=25, topologyVersion=TopologyVersion{processId=6867df6a4f293ecd76eafc3b, counter=3}, lastWriteDate=Sat Jul 05 19:24:49 IST 2025, lastUpdateTimeNanos=1571657770615700}
2025-07-05 19:24:50 - UNKNOWN - [cluster-ClusterId{value='68692eaab4dbc4fc8b7c42fb', description='null'}-ac-1ouplwk-shard-00-02.tlbmcml.mongodb.net:27017] INFO  org.mongodb.driver.cluster:71 - Discovered replica set primary ac-1ouplwk-shard-00-02.tlbmcml.mongodb.net:27017 with max election id 7fffffff0000000000000026 and max set version 25
2025-07-05 19:24:51 - UNKNOWN - [main] DEBUG c.l.auth.filter.BasicAuthFilter:240 - Filter 'basicAuthFilter' configured for use
2025-07-05 19:24:51 - UNKNOWN - [main] DEBUG c.l.auth.filter.BasicAuthFilter:240 - Filter 'basicAuthFilter' configured for use
2025-07-05 19:24:51 - UNKNOWN - [main] DEBUG c.learning.auth.filter.JwtAuthFilter:240 - Filter 'jwtAuthFilter' configured for use
2025-07-05 19:24:51 - UNKNOWN - [main] DEBUG c.learning.auth.filter.JwtAuthFilter:240 - Filter 'jwtAuthFilter' configured for use
2025-07-05 19:24:51 - UNKNOWN - [main] DEBUG c.l.auth.filter.RequestWrapperFilter:240 - Filter 'requestWrapperFilter' configured for use
2025-07-05 19:24:51 - UNKNOWN - [main] DEBUG c.l.auth.filter.RequestWrapperFilter:240 - Filter 'requestWrapperFilter' configured for use
2025-07-05 19:24:51 - UNKNOWN - [main] DEBUG c.l.auth.filter.RoleAccessFilter:240 - Filter 'roleAccessFilter' configured for use
2025-07-05 19:24:51 - UNKNOWN - [main] DEBUG c.l.auth.filter.RoleAccessFilter:240 - Filter 'roleAccessFilter' configured for use
2025-07-05 19:24:51 - UNKNOWN - [main] DEBUG c.l.auth.filter.RoleAuthFilter:240 - Filter 'roleAuthFilter' configured for use
2025-07-05 19:24:51 - UNKNOWN - [main] DEBUG c.l.auth.filter.RoleAuthFilter:240 - Filter 'roleAuthFilter' configured for use
2025-07-05 19:24:51 - UNKNOWN - [main] INFO  o.s.s.c.a.a.c.InitializeUserDetailsBeanManagerConfigurer$InitializeUserDetailsManagerConfigurer:110 - Global AuthenticationManager configured with UserDetailsService bean with name userDetailsServiceImpl
2025-07-05 19:24:52 - UNKNOWN - [main] INFO  o.s.b.a.e.web.EndpointLinksResolver:60 - Exposing 1 endpoint beneath base path '/actuator'
2025-07-05 19:24:53 - UNKNOWN - [main] INFO  o.a.coyote.http11.Http11NioProtocol:168 - Starting ProtocolHandler ["http-nio-8081"]
2025-07-05 19:24:53 - UNKNOWN - [main] INFO  o.s.b.w.e.tomcat.TomcatWebServer:243 - Tomcat started on port 8081 (http) with context path '/'
2025-07-05 19:24:53 - UNKNOWN - [main] INFO  c.l.auth.AuthServerApplication:59 - Started AuthServerApplication in 6.896 seconds (process running for 7.478)
2025-07-05 19:24:53 - UNKNOWN - [main] INFO  c.l.auth.AuthServerApplication:59 - Started AuthServerApplication in 6.896 seconds (process running for 7.478)
2025-07-05 19:24:59 - UNKNOWN - [http-nio-8081-exec-2] INFO  o.a.c.c.C.[Tomcat].[localhost].[/]:168 - Initializing Spring DispatcherServlet 'dispatcherServlet'
2025-07-05 19:24:59 - UNKNOWN - [http-nio-8081-exec-2] INFO  o.s.web.servlet.DispatcherServlet:532 - Initializing Servlet 'dispatcherServlet'
2025-07-05 19:24:59 - UNKNOWN - [http-nio-8081-exec-2] INFO  o.s.web.servlet.DispatcherServlet:554 - Completed initialization in 1 ms
2025-07-05 19:24:59 - UNKNOWN - [http-nio-8081-exec-2] DEBUG c.l.auth.filter.RequestWrapperFilter:24 - RequestWrapperFilter is invoked for request: /api/v1/auth/login
2025-07-05 19:24:59 - UNKNOWN - [http-nio-8081-exec-2] DEBUG c.l.auth.filter.RequestWrapperFilter:24 - RequestWrapperFilter is invoked for request: /api/v1/auth/login
2025-07-05 19:24:59 - cd28778a-91a4-43d5-865c-eeac7e2760dd - [http-nio-8081-exec-2] DEBUG c.l.a.interceptor.RequestInterceptor:37 - Injected header X-Tracking-Id with value cd28778a-91a4-43d5-865c-eeac7e2760dd into the request
2025-07-05 19:24:59 - cd28778a-91a4-43d5-865c-eeac7e2760dd - [http-nio-8081-exec-2] DEBUG c.l.a.interceptor.RequestInterceptor:37 - Injected header X-Tracking-Id with value cd28778a-91a4-43d5-865c-eeac7e2760dd into the request
2025-07-05 19:24:59 - cd28778a-91a4-43d5-865c-eeac7e2760dd - [http-nio-8081-exec-2] DEBUG c.l.a.interceptor.RequestInterceptor:45 - Before controller Request URI: /api/v1/auth/login, method: POST
2025-07-05 19:24:59 - cd28778a-91a4-43d5-865c-eeac7e2760dd - [http-nio-8081-exec-2] DEBUG c.l.a.interceptor.RequestInterceptor:45 - Before controller Request URI: /api/v1/auth/login, method: POST
2025-07-05 19:24:59 - cd28778a-91a4-43d5-865c-eeac7e2760dd - [http-nio-8081-exec-2] DEBUG c.l.a.interceptor.RequestInterceptor:54 - Before controller request body: {
  "username" : "varun@gmail.com",
  "password" : "******"
}
2025-07-05 19:24:59 - cd28778a-91a4-43d5-865c-eeac7e2760dd - [http-nio-8081-exec-2] DEBUG c.l.a.interceptor.RequestInterceptor:54 - Before controller request body: {
  "username" : "varun@gmail.com",
  "password" : "******"
}
2025-07-05 19:25:14 - cd28778a-91a4-43d5-865c-eeac7e2760dd - [http-nio-8081-exec-2] DEBUG c.l.a.e.handler.RequestLoggerAdvice:41 - Before controller: com.learning.auth.controller.AuthController.login, request body: {
  "username" : "varun@gmail.com",
  "password" : "******"
}
2025-07-05 19:25:14 - cd28778a-91a4-43d5-865c-eeac7e2760dd - [http-nio-8081-exec-2] DEBUG c.l.a.e.handler.RequestLoggerAdvice:41 - Before controller: com.learning.auth.controller.AuthController.login, request body: {
  "username" : "varun@gmail.com",
  "password" : "******"
}
2025-07-05 19:25:14 - cd28778a-91a4-43d5-865c-eeac7e2760dd - [http-nio-8081-exec-2] INFO  c.l.auth.controller.AuthController:26 - Received login request for user: varun@gmail.com
2025-07-05 19:25:14 - cd28778a-91a4-43d5-865c-eeac7e2760dd - [http-nio-8081-exec-2] INFO  c.l.auth.controller.AuthController:26 - Received login request for user: varun@gmail.com
2025-07-05 19:25:14 - cd28778a-91a4-43d5-865c-eeac7e2760dd - [http-nio-8081-exec-2] INFO  c.l.a.service.impl.AuthServiceImpl:40 - Processing login request for user: varun@gmail.com
2025-07-05 19:25:14 - cd28778a-91a4-43d5-865c-eeac7e2760dd - [http-nio-8081-exec-2] INFO  c.l.a.service.impl.AuthServiceImpl:40 - Processing login request for user: varun@gmail.com
2025-07-05 19:25:14 - cd28778a-91a4-43d5-865c-eeac7e2760dd - [http-nio-8081-exec-2] INFO  c.l.a.service.impl.AuthServiceImpl:49 - User varun@gmail.com authenticated successfully
2025-07-05 19:25:14 - cd28778a-91a4-43d5-865c-eeac7e2760dd - [http-nio-8081-exec-2] INFO  c.l.a.service.impl.AuthServiceImpl:49 - User varun@gmail.com authenticated successfully
2025-07-05 19:25:14 - cd28778a-91a4-43d5-865c-eeac7e2760dd - [http-nio-8081-exec-2] INFO  c.l.a.service.impl.AuthServiceImpl:61 - Generated JWT token for user: varun@gmail.com
2025-07-05 19:25:14 - cd28778a-91a4-43d5-865c-eeac7e2760dd - [http-nio-8081-exec-2] INFO  c.l.a.service.impl.AuthServiceImpl:61 - Generated JWT token for user: varun@gmail.com
2025-07-05 19:25:14 - cd28778a-91a4-43d5-865c-eeac7e2760dd - [http-nio-8081-exec-2] DEBUG c.l.a.e.handler.ResponseBodyLogger:31 - After completing Response Body: LoginResponse(token=eyJhbGciOiJSUzI1NiJ9.eyJyb2xlIjoiQURNSU4iLCJ1c2VybmFtZSI6InZhcnVuQGdtYWlsLmNvbSIsInN1YiI6InZhcnVuQGdtYWlsLmNvbSIsImlhdCI6MTc1MTcyMzcxNCwiZXhwIjoxNzUxNzU5NzE0fQ.nArD6bEus60Cuy0FqVi_vUM9nDebANf261C9cUtnaCaw29ny1Y3MX5qEWWqbeHV-J35vkvfK2yc6Yz9zeYyTWgX_jSZXxSFtSkz1Hp4xPBr06Ke5dVuy6ZfFer5JoPAsMvge30-IjcDY8fGgA83ONVOV41TwfyX-8aIRgbLlBs02j2gydzwumtrPtJy7Eb_box5DQoElAVd7-HclErcWhiaRHMIiNWZpI-Xzn9vgJuwmiMj3ixDYqRREWEf6wBWSbEHShbrSDUDriGKyF5vxHBzPLtUAYWMvktUGJ_p9-Tb_kNZey6lbKkU4OHD2b4Vrg9-LmQH2lxzDLfFO8DmntA) for API: http://localhost:8081/api/v1/auth/login and method: 
2025-07-05 19:25:14 - cd28778a-91a4-43d5-865c-eeac7e2760dd - [http-nio-8081-exec-2] DEBUG c.l.a.e.handler.ResponseBodyLogger:31 - After completing Response Body: LoginResponse(token=eyJhbGciOiJSUzI1NiJ9.eyJyb2xlIjoiQURNSU4iLCJ1c2VybmFtZSI6InZhcnVuQGdtYWlsLmNvbSIsInN1YiI6InZhcnVuQGdtYWlsLmNvbSIsImlhdCI6MTc1MTcyMzcxNCwiZXhwIjoxNzUxNzU5NzE0fQ.nArD6bEus60Cuy0FqVi_vUM9nDebANf261C9cUtnaCaw29ny1Y3MX5qEWWqbeHV-J35vkvfK2yc6Yz9zeYyTWgX_jSZXxSFtSkz1Hp4xPBr06Ke5dVuy6ZfFer5JoPAsMvge30-IjcDY8fGgA83ONVOV41TwfyX-8aIRgbLlBs02j2gydzwumtrPtJy7Eb_box5DQoElAVd7-HclErcWhiaRHMIiNWZpI-Xzn9vgJuwmiMj3ixDYqRREWEf6wBWSbEHShbrSDUDriGKyF5vxHBzPLtUAYWMvktUGJ_p9-Tb_kNZey6lbKkU4OHD2b4Vrg9-LmQH2lxzDLfFO8DmntA) for API: http://localhost:8081/api/v1/auth/login and method: 
2025-07-05 19:25:14 - cd28778a-91a4-43d5-865c-eeac7e2760dd - [http-nio-8081-exec-2] DEBUG c.l.a.e.handler.ResponseBodyLogger:44 - After returning controller: com.learning.auth.controller.AuthController.login, request body: {
  "token" : "eyJhbGciOiJSUzI1NiJ9.eyJyb2xlIjoiQURNSU4iLCJ1c2VybmFtZSI6InZhcnVuQGdtYWlsLmNvbSIsInN1YiI6InZhcnVuQGdtYWlsLmNvbSIsImlhdCI6MTc1MTcyMzcxNCwiZXhwIjoxNzUxNzU5NzE0fQ.nArD6bEus60Cuy0FqVi_vUM9nDebANf261C9cUtnaCaw29ny1Y3MX5qEWWqbeHV-J35vkvfK2yc6Yz9zeYyTWgX_jSZXxSFtSkz1Hp4xPBr06Ke5dVuy6ZfFer5JoPAsMvge30-IjcDY8fGgA83ONVOV41TwfyX-8aIRgbLlBs02j2gydzwumtrPtJy7Eb_box5DQoElAVd7-HclErcWhiaRHMIiNWZpI-Xzn9vgJuwmiMj3ixDYqRREWEf6wBWSbEHShbrSDUDriGKyF5vxHBzPLtUAYWMvktUGJ_p9-Tb_kNZey6lbKkU4OHD2b4Vrg9-LmQH2lxzDLfFO8DmntA"
}
2025-07-05 19:25:14 - cd28778a-91a4-43d5-865c-eeac7e2760dd - [http-nio-8081-exec-2] DEBUG c.l.a.e.handler.ResponseBodyLogger:44 - After returning controller: com.learning.auth.controller.AuthController.login, request body: {
  "token" : "eyJhbGciOiJSUzI1NiJ9.eyJyb2xlIjoiQURNSU4iLCJ1c2VybmFtZSI6InZhcnVuQGdtYWlsLmNvbSIsInN1YiI6InZhcnVuQGdtYWlsLmNvbSIsImlhdCI6MTc1MTcyMzcxNCwiZXhwIjoxNzUxNzU5NzE0fQ.nArD6bEus60Cuy0FqVi_vUM9nDebANf261C9cUtnaCaw29ny1Y3MX5qEWWqbeHV-J35vkvfK2yc6Yz9zeYyTWgX_jSZXxSFtSkz1Hp4xPBr06Ke5dVuy6ZfFer5JoPAsMvge30-IjcDY8fGgA83ONVOV41TwfyX-8aIRgbLlBs02j2gydzwumtrPtJy7Eb_box5DQoElAVd7-HclErcWhiaRHMIiNWZpI-Xzn9vgJuwmiMj3ixDYqRREWEf6wBWSbEHShbrSDUDriGKyF5vxHBzPLtUAYWMvktUGJ_p9-Tb_kNZey6lbKkU4OHD2b4Vrg9-LmQH2lxzDLfFO8DmntA"
}
2025-07-05 19:25:14 - cd28778a-91a4-43d5-865c-eeac7e2760dd - [http-nio-8081-exec-2] DEBUG c.l.a.interceptor.RequestInterceptor:76 - Request processing completed for URI: /api/v1/auth/login, method: POST, duration: 15211 ms
2025-07-05 19:25:14 - cd28778a-91a4-43d5-865c-eeac7e2760dd - [http-nio-8081-exec-2] DEBUG c.l.a.interceptor.RequestInterceptor:76 - Request processing completed for URI: /api/v1/auth/login, method: POST, duration: 15211 ms
2025-07-05 19:27:30 - UNKNOWN - [main] INFO  c.l.auth.AuthServerApplication:53 - Starting AuthServerApplication using Java 17.0.8 with PID 7784 (D:\java\Auth-Server\build\classes\java\main started by ashis in D:\java\Auth-Server)
2025-07-05 19:27:30 - UNKNOWN - [main] INFO  c.l.auth.AuthServerApplication:53 - Starting AuthServerApplication using Java 17.0.8 with PID 7784 (D:\java\Auth-Server\build\classes\java\main started by ashis in D:\java\Auth-Server)
2025-07-05 19:27:30 - UNKNOWN - [main] DEBUG c.l.auth.AuthServerApplication:54 - Running with Spring Boot v3.5.3, Spring v6.2.8
2025-07-05 19:27:30 - UNKNOWN - [main] DEBUG c.l.auth.AuthServerApplication:54 - Running with Spring Boot v3.5.3, Spring v6.2.8
2025-07-05 19:27:30 - UNKNOWN - [main] INFO  c.l.auth.AuthServerApplication:652 - No active profile set, falling back to 1 default profile: "default"
2025-07-05 19:27:30 - UNKNOWN - [main] INFO  c.l.auth.AuthServerApplication:652 - No active profile set, falling back to 1 default profile: "default"
2025-07-05 19:27:31 - UNKNOWN - [main] INFO  o.s.d.r.c.RepositoryConfigurationDelegate:145 - Bootstrapping Spring Data MongoDB repositories in DEFAULT mode.
2025-07-05 19:27:31 - UNKNOWN - [main] INFO  o.s.d.r.c.RepositoryConfigurationDelegate:213 - Finished Spring Data repository scanning in 70 ms. Found 3 MongoDB repository interfaces.
2025-07-05 19:27:32 - UNKNOWN - [main] INFO  o.s.b.w.e.tomcat.TomcatWebServer:111 - Tomcat initialized with port 8081 (http)
2025-07-05 19:27:32 - UNKNOWN - [main] INFO  o.a.coyote.http11.Http11NioProtocol:168 - Initializing ProtocolHandler ["http-nio-8081"]
2025-07-05 19:27:32 - UNKNOWN - [main] INFO  o.a.catalina.core.StandardService:168 - Starting service [Tomcat]
2025-07-05 19:27:32 - UNKNOWN - [main] INFO  o.a.catalina.core.StandardEngine:168 - Starting Servlet engine: [Apache Tomcat/10.1.42]
2025-07-05 19:27:32 - UNKNOWN - [main] INFO  o.a.c.c.C.[Tomcat].[localhost].[/]:168 - Initializing Spring embedded WebApplicationContext
2025-07-05 19:27:32 - UNKNOWN - [main] INFO  o.s.b.w.s.c.ServletWebServerApplicationContext:301 - Root WebApplicationContext: initialization completed in 2173 ms
2025-07-05 19:27:33 - UNKNOWN - [main] DEBUG c.learning.auth.config.MongoConfig:38 - MongoDB connection string: mongodb+srv://rachna_bharti:vXiJTE2lroaDdwa0@diagnostics.tlbmcml.mongodb.net/auth-server?retryWrites=true&w=majority
2025-07-05 19:27:33 - UNKNOWN - [main] DEBUG c.learning.auth.config.MongoConfig:38 - MongoDB connection string: mongodb+srv://rachna_bharti:vXiJTE2lroaDdwa0@diagnostics.tlbmcml.mongodb.net/auth-server?retryWrites=true&w=majority
2025-07-05 19:27:33 - UNKNOWN - [main] INFO  org.mongodb.driver.client:71 - MongoClient with metadata {"driver": {"name": "mongo-java-driver|sync", "version": "5.5.1"}, "os": {"type": "Windows", "name": "Windows 11", "architecture": "amd64", "version": "10.0"}, "platform": "Java/Azul Systems, Inc./17.0.8+7-LTS"} created with settings MongoClientSettings{readPreference=primary, writeConcern=WriteConcern{w=majority, wTimeout=null ms, journal=null}, retryWrites=true, retryReads=true, readConcern=ReadConcern{level=null}, credential=MongoCredential{mechanism=null, userName='rachna_bharti', source='admin', password=<hidden>, mechanismProperties=<hidden>}, transportSettings=null, commandListeners=[], codecRegistry=ProvidersCodecRegistry{codecProviders=[ValueCodecProvider{}, BsonValueCodecProvider{}, DBRefCodecProvider{}, DBObjectCodecProvider{}, DocumentCodecProvider{}, CollectionCodecProvider{}, IterableCodecProvider{}, MapCodecProvider{}, GeoJsonCodecProvider{}, GridFSFileCodecProvider{}, Jsr310CodecProvider{}, JsonObjectCodecProvider{}, BsonCodecProvider{}, EnumCodecProvider{}, com.mongodb.client.model.mql.ExpressionCodecProvider@250967f1, com.mongodb.Jep395RecordCodecProvider@25c1f5ee, com.mongodb.KotlinCodecProvider@4bce62b]}, loggerSettings=LoggerSettings{maxDocumentLength=1000}, clusterSettings={hosts=[127.0.0.1:27017], srvHost=diagnostics.tlbmcml.mongodb.net, srvServiceName=mongodb, mode=MULTIPLE, requiredClusterType=REPLICA_SET, requiredReplicaSetName='atlas-192ygx-shard-0', serverSelector='null', clusterListeners='[]', serverSelectionTimeout='30000 ms', localThreshold='15 ms'}, socketSettings=SocketSettings{connectTimeoutMS=10000, readTimeoutMS=0, receiveBufferSize=0, proxySettings=ProxySettings{host=null, port=null, username=null, password=null}}, heartbeatSocketSettings=SocketSettings{connectTimeoutMS=10000, readTimeoutMS=10000, receiveBufferSize=0, proxySettings=ProxySettings{host=null, port=null, username=null, password=null}}, connectionPoolSettings=ConnectionPoolSettings{maxSize=100, minSize=0, maxWaitTimeMS=120000, maxConnectionLifeTimeMS=0, maxConnectionIdleTimeMS=0, maintenanceInitialDelayMS=0, maintenanceFrequencyMS=60000, connectionPoolListeners=[], maxConnecting=2}, serverSettings=ServerSettings{heartbeatFrequencyMS=10000, minHeartbeatFrequencyMS=500, serverMonitoringMode=AUTO, serverListeners='[]', serverMonitorListeners='[]'}, sslSettings=SslSettings{enabled=true, invalidHostNameAllowed=false, context=null}, applicationName='null', compressorList=[], uuidRepresentation=UNSPECIFIED, serverApi=null, autoEncryptionSettings=null, dnsClient=null, inetAddressResolver=null, contextProvider=null, timeoutMS=null}
2025-07-05 19:27:33 - UNKNOWN - [cluster-ClusterId{value='68692f4df594a0dfbff30d45', description='null'}-srv-diagnostics.tlbmcml.mongodb.net] INFO  org.mongodb.driver.cluster:71 - Adding discovered server ac-1ouplwk-shard-00-00.tlbmcml.mongodb.net:27017 to client view of cluster
2025-07-05 19:27:33 - UNKNOWN - [cluster-ClusterId{value='68692f4df594a0dfbff30d45', description='null'}-srv-diagnostics.tlbmcml.mongodb.net] INFO  org.mongodb.driver.cluster:71 - Adding discovered server ac-1ouplwk-shard-00-01.tlbmcml.mongodb.net:27017 to client view of cluster
2025-07-05 19:27:33 - UNKNOWN - [cluster-ClusterId{value='68692f4df594a0dfbff30d45', description='null'}-srv-diagnostics.tlbmcml.mongodb.net] INFO  org.mongodb.driver.cluster:71 - Adding discovered server ac-1ouplwk-shard-00-02.tlbmcml.mongodb.net:27017 to client view of cluster
2025-07-05 19:27:34 - UNKNOWN - [cluster-ClusterId{value='68692f4df594a0dfbff30d45', description='null'}-ac-1ouplwk-shard-00-00.tlbmcml.mongodb.net:27017] INFO  org.mongodb.driver.cluster:71 - Monitor thread successfully connected to server with description ServerDescription{address=ac-1ouplwk-shard-00-00.tlbmcml.mongodb.net:27017, type=REPLICA_SET_SECONDARY, cryptd=false, state=CONNECTED, ok=true, minWireVersion=0, maxWireVersion=25, maxDocumentSize=16777216, logicalSessionTimeoutMinutes=30, roundTripTimeNanos=511766300, minRoundTripTimeNanos=0, setName='atlas-192ygx-shard-0', canonicalAddress=ac-1ouplwk-shard-00-00.tlbmcml.mongodb.net:27017, hosts=[ac-1ouplwk-shard-00-00.tlbmcml.mongodb.net:27017, ac-1ouplwk-shard-00-02.tlbmcml.mongodb.net:27017, ac-1ouplwk-shard-00-01.tlbmcml.mongodb.net:27017], passives=[], arbiters=[], primary='ac-1ouplwk-shard-00-02.tlbmcml.mongodb.net:27017', tagSet=TagSet{[Tag{name='availabilityZone', value='aps1-az1'}, Tag{name='diskState', value='READY'}, Tag{name='nodeType', value='ELECTABLE'}, Tag{name='provider', value='AWS'}, Tag{name='region', value='AP_SOUTH_1'}, Tag{name='workloadType', value='OPERATIONAL'}]}, electionId=null, setVersion=25, topologyVersion=TopologyVersion{processId=6867defeb7e882e73291e745, counter=4}, lastWriteDate=Sat Jul 05 19:27:32 IST 2025, lastUpdateTimeNanos=1571821263988500}
2025-07-05 19:27:34 - UNKNOWN - [cluster-ClusterId{value='68692f4df594a0dfbff30d45', description='null'}-ac-1ouplwk-shard-00-01.tlbmcml.mongodb.net:27017] INFO  org.mongodb.driver.cluster:71 - Monitor thread successfully connected to server with description ServerDescription{address=ac-1ouplwk-shard-00-01.tlbmcml.mongodb.net:27017, type=REPLICA_SET_SECONDARY, cryptd=false, state=CONNECTED, ok=true, minWireVersion=0, maxWireVersion=25, maxDocumentSize=16777216, logicalSessionTimeoutMinutes=30, roundTripTimeNanos=512828100, minRoundTripTimeNanos=0, setName='atlas-192ygx-shard-0', canonicalAddress=ac-1ouplwk-shard-00-01.tlbmcml.mongodb.net:27017, hosts=[ac-1ouplwk-shard-00-00.tlbmcml.mongodb.net:27017, ac-1ouplwk-shard-00-02.tlbmcml.mongodb.net:27017, ac-1ouplwk-shard-00-01.tlbmcml.mongodb.net:27017], passives=[], arbiters=[], primary='ac-1ouplwk-shard-00-02.tlbmcml.mongodb.net:27017', tagSet=TagSet{[Tag{name='availabilityZone', value='aps1-az3'}, Tag{name='diskState', value='READY'}, Tag{name='nodeType', value='ELECTABLE'}, Tag{name='provider', value='AWS'}, Tag{name='region', value='AP_SOUTH_1'}, Tag{name='workloadType', value='OPERATIONAL'}]}, electionId=null, setVersion=25, topologyVersion=TopologyVersion{processId=6867df6a4f293ecd76eafc3b, counter=3}, lastWriteDate=Sat Jul 05 19:27:32 IST 2025, lastUpdateTimeNanos=1571821263781800}
2025-07-05 19:27:34 - UNKNOWN - [cluster-ClusterId{value='68692f4df594a0dfbff30d45', description='null'}-ac-1ouplwk-shard-00-02.tlbmcml.mongodb.net:27017] INFO  org.mongodb.driver.cluster:71 - Monitor thread successfully connected to server with description ServerDescription{address=ac-1ouplwk-shard-00-02.tlbmcml.mongodb.net:27017, type=REPLICA_SET_PRIMARY, cryptd=false, state=CONNECTED, ok=true, minWireVersion=0, maxWireVersion=25, maxDocumentSize=16777216, logicalSessionTimeoutMinutes=30, roundTripTimeNanos=512816900, minRoundTripTimeNanos=0, setName='atlas-192ygx-shard-0', canonicalAddress=ac-1ouplwk-shard-00-02.tlbmcml.mongodb.net:27017, hosts=[ac-1ouplwk-shard-00-00.tlbmcml.mongodb.net:27017, ac-1ouplwk-shard-00-02.tlbmcml.mongodb.net:27017, ac-1ouplwk-shard-00-01.tlbmcml.mongodb.net:27017], passives=[], arbiters=[], primary='ac-1ouplwk-shard-00-02.tlbmcml.mongodb.net:27017', tagSet=TagSet{[Tag{name='availabilityZone', value='aps1-az2'}, Tag{name='diskState', value='READY'}, Tag{name='nodeType', value='ELECTABLE'}, Tag{name='provider', value='AWS'}, Tag{name='region', value='AP_SOUTH_1'}, Tag{name='workloadType', value='OPERATIONAL'}]}, electionId=7fffffff0000000000000026, setVersion=25, topologyVersion=TopologyVersion{processId=6867df34e5817937d6761e99, counter=6}, lastWriteDate=Sat Jul 05 19:27:32 GMT+05:30 2025, lastUpdateTimeNanos=1571821263801000}
2025-07-05 19:27:34 - UNKNOWN - [cluster-ClusterId{value='68692f4df594a0dfbff30d45', description='null'}-ac-1ouplwk-shard-00-02.tlbmcml.mongodb.net:27017] INFO  org.mongodb.driver.cluster:71 - Discovered replica set primary ac-1ouplwk-shard-00-02.tlbmcml.mongodb.net:27017 with max election id 7fffffff0000000000000026 and max set version 25
2025-07-05 19:27:35 - UNKNOWN - [main] DEBUG c.l.auth.filter.BasicAuthFilter:240 - Filter 'basicAuthFilter' configured for use
2025-07-05 19:27:35 - UNKNOWN - [main] DEBUG c.l.auth.filter.BasicAuthFilter:240 - Filter 'basicAuthFilter' configured for use
2025-07-05 19:27:35 - UNKNOWN - [main] DEBUG c.learning.auth.filter.JwtAuthFilter:240 - Filter 'jwtAuthFilter' configured for use
2025-07-05 19:27:35 - UNKNOWN - [main] DEBUG c.learning.auth.filter.JwtAuthFilter:240 - Filter 'jwtAuthFilter' configured for use
2025-07-05 19:27:35 - UNKNOWN - [main] DEBUG c.l.auth.filter.RoleAccessFilter:240 - Filter 'roleAccessFilter' configured for use
2025-07-05 19:27:35 - UNKNOWN - [main] DEBUG c.l.auth.filter.RoleAccessFilter:240 - Filter 'roleAccessFilter' configured for use
2025-07-05 19:27:35 - UNKNOWN - [main] DEBUG c.l.auth.filter.RoleAuthFilter:240 - Filter 'roleAuthFilter' configured for use
2025-07-05 19:27:35 - UNKNOWN - [main] DEBUG c.l.auth.filter.RoleAuthFilter:240 - Filter 'roleAuthFilter' configured for use
2025-07-05 19:27:35 - UNKNOWN - [main] INFO  o.s.s.c.a.a.c.InitializeUserDetailsBeanManagerConfigurer$InitializeUserDetailsManagerConfigurer:110 - Global AuthenticationManager configured with UserDetailsService bean with name userDetailsServiceImpl
2025-07-05 19:27:36 - UNKNOWN - [main] INFO  o.s.b.a.e.web.EndpointLinksResolver:60 - Exposing 1 endpoint beneath base path '/actuator'
2025-07-05 19:27:37 - UNKNOWN - [main] INFO  o.a.coyote.http11.Http11NioProtocol:168 - Starting ProtocolHandler ["http-nio-8081"]
2025-07-05 19:27:37 - UNKNOWN - [main] INFO  o.s.b.w.e.tomcat.TomcatWebServer:243 - Tomcat started on port 8081 (http) with context path '/'
2025-07-05 19:27:37 - UNKNOWN - [main] INFO  c.l.auth.AuthServerApplication:59 - Started AuthServerApplication in 8.003 seconds (process running for 8.921)
2025-07-05 19:27:37 - UNKNOWN - [main] INFO  c.l.auth.AuthServerApplication:59 - Started AuthServerApplication in 8.003 seconds (process running for 8.921)
2025-07-05 19:28:09 - UNKNOWN - [http-nio-8081-exec-1] INFO  o.a.c.c.C.[Tomcat].[localhost].[/]:168 - Initializing Spring DispatcherServlet 'dispatcherServlet'
2025-07-05 19:28:09 - UNKNOWN - [http-nio-8081-exec-1] INFO  o.s.web.servlet.DispatcherServlet:532 - Initializing Servlet 'dispatcherServlet'
2025-07-05 19:28:09 - UNKNOWN - [http-nio-8081-exec-1] INFO  o.s.web.servlet.DispatcherServlet:554 - Completed initialization in 1 ms
2025-07-05 19:28:09 - 3312dc87-d00f-4f87-b285-383322658e6b - [http-nio-8081-exec-1] DEBUG c.l.a.interceptor.RequestInterceptor:32 - Injected header X-Tracking-Id with value 3312dc87-d00f-4f87-b285-383322658e6b into the request
2025-07-05 19:28:09 - 3312dc87-d00f-4f87-b285-383322658e6b - [http-nio-8081-exec-1] DEBUG c.l.a.interceptor.RequestInterceptor:32 - Injected header X-Tracking-Id with value 3312dc87-d00f-4f87-b285-383322658e6b into the request
2025-07-05 19:28:09 - 3312dc87-d00f-4f87-b285-383322658e6b - [http-nio-8081-exec-1] DEBUG c.l.a.interceptor.RequestInterceptor:40 - Before controller Request URI: /api/v1/auth/login, method: POST
2025-07-05 19:28:09 - 3312dc87-d00f-4f87-b285-383322658e6b - [http-nio-8081-exec-1] DEBUG c.l.a.interceptor.RequestInterceptor:40 - Before controller Request URI: /api/v1/auth/login, method: POST
2025-07-05 19:28:09 - 3312dc87-d00f-4f87-b285-383322658e6b - [http-nio-8081-exec-1] DEBUG c.l.a.e.handler.RequestLoggerAdvice:41 - Before controller: com.learning.auth.controller.AuthController.login, request body: {
  "username" : "varun@gmail.com",
  "password" : "******"
}
2025-07-05 19:28:09 - 3312dc87-d00f-4f87-b285-383322658e6b - [http-nio-8081-exec-1] DEBUG c.l.a.e.handler.RequestLoggerAdvice:41 - Before controller: com.learning.auth.controller.AuthController.login, request body: {
  "username" : "varun@gmail.com",
  "password" : "******"
}
2025-07-05 19:28:09 - 3312dc87-d00f-4f87-b285-383322658e6b - [http-nio-8081-exec-1] INFO  c.l.auth.controller.AuthController:26 - Received login request for user: varun@gmail.com
2025-07-05 19:28:09 - 3312dc87-d00f-4f87-b285-383322658e6b - [http-nio-8081-exec-1] INFO  c.l.auth.controller.AuthController:26 - Received login request for user: varun@gmail.com
2025-07-05 19:28:09 - 3312dc87-d00f-4f87-b285-383322658e6b - [http-nio-8081-exec-1] INFO  c.l.a.service.impl.AuthServiceImpl:40 - Processing login request for user: varun@gmail.com
2025-07-05 19:28:09 - 3312dc87-d00f-4f87-b285-383322658e6b - [http-nio-8081-exec-1] INFO  c.l.a.service.impl.AuthServiceImpl:40 - Processing login request for user: varun@gmail.com
2025-07-05 19:28:09 - 3312dc87-d00f-4f87-b285-383322658e6b - [http-nio-8081-exec-1] INFO  c.l.a.service.impl.AuthServiceImpl:49 - User varun@gmail.com authenticated successfully
2025-07-05 19:28:09 - 3312dc87-d00f-4f87-b285-383322658e6b - [http-nio-8081-exec-1] INFO  c.l.a.service.impl.AuthServiceImpl:49 - User varun@gmail.com authenticated successfully
2025-07-05 19:28:09 - 3312dc87-d00f-4f87-b285-383322658e6b - [http-nio-8081-exec-1] INFO  c.l.a.service.impl.AuthServiceImpl:61 - Generated JWT token for user: varun@gmail.com
2025-07-05 19:28:09 - 3312dc87-d00f-4f87-b285-383322658e6b - [http-nio-8081-exec-1] INFO  c.l.a.service.impl.AuthServiceImpl:61 - Generated JWT token for user: varun@gmail.com
2025-07-05 19:28:09 - 3312dc87-d00f-4f87-b285-383322658e6b - [http-nio-8081-exec-1] DEBUG c.l.a.e.handler.ResponseBodyLogger:31 - After completing Response Body: LoginResponse(token=eyJhbGciOiJSUzI1NiJ9.eyJ1c2VybmFtZSI6InZhcnVuQGdtYWlsLmNvbSIsInJvbGUiOiJBRE1JTiIsInN1YiI6InZhcnVuQGdtYWlsLmNvbSIsImlhdCI6MTc1MTcyMzg4OSwiZXhwIjoxNzUxNzU5ODg5fQ.HBmJaPvattsSrybg2OCuw6pZiJHyMqF2_LqBAc2mn1opEVlkxdzR-Xi7reMrXzrwSJItV31YjbvTigGPS65dNNexbs4fJoesxG5OOjHo-oN0BHUkeBiAxZQmVeHyB7pF87kDQJpScA5YyIqeZT6b9PK9ZPWlOIYFQ9gedE4sZGetJaQJtQ2MsyopmFl271Vq6Hr-3VBfrlkwQifyiPoDTa0-gW5z3vZMT7aC10l-YANMCAr_THgaDTlPcDjAirjtLfF-mSWdvMir1aS2HuuIU6PXewuUD09qrLXlEAIU0J21X4CQ7QIZLBAJp9iywijEehK5gWt3CgEGaZc7valU5A) for API: http://localhost:8081/api/v1/auth/login and method: 
2025-07-05 19:28:09 - 3312dc87-d00f-4f87-b285-383322658e6b - [http-nio-8081-exec-1] DEBUG c.l.a.e.handler.ResponseBodyLogger:31 - After completing Response Body: LoginResponse(token=eyJhbGciOiJSUzI1NiJ9.eyJ1c2VybmFtZSI6InZhcnVuQGdtYWlsLmNvbSIsInJvbGUiOiJBRE1JTiIsInN1YiI6InZhcnVuQGdtYWlsLmNvbSIsImlhdCI6MTc1MTcyMzg4OSwiZXhwIjoxNzUxNzU5ODg5fQ.HBmJaPvattsSrybg2OCuw6pZiJHyMqF2_LqBAc2mn1opEVlkxdzR-Xi7reMrXzrwSJItV31YjbvTigGPS65dNNexbs4fJoesxG5OOjHo-oN0BHUkeBiAxZQmVeHyB7pF87kDQJpScA5YyIqeZT6b9PK9ZPWlOIYFQ9gedE4sZGetJaQJtQ2MsyopmFl271Vq6Hr-3VBfrlkwQifyiPoDTa0-gW5z3vZMT7aC10l-YANMCAr_THgaDTlPcDjAirjtLfF-mSWdvMir1aS2HuuIU6PXewuUD09qrLXlEAIU0J21X4CQ7QIZLBAJp9iywijEehK5gWt3CgEGaZc7valU5A) for API: http://localhost:8081/api/v1/auth/login and method: 
2025-07-05 19:28:10 - 3312dc87-d00f-4f87-b285-383322658e6b - [http-nio-8081-exec-1] DEBUG c.l.a.e.handler.ResponseBodyLogger:44 - After returning controller: com.learning.auth.controller.AuthController.login, request body: {
  "token" : "eyJhbGciOiJSUzI1NiJ9.eyJ1c2VybmFtZSI6InZhcnVuQGdtYWlsLmNvbSIsInJvbGUiOiJBRE1JTiIsInN1YiI6InZhcnVuQGdtYWlsLmNvbSIsImlhdCI6MTc1MTcyMzg4OSwiZXhwIjoxNzUxNzU5ODg5fQ.HBmJaPvattsSrybg2OCuw6pZiJHyMqF2_LqBAc2mn1opEVlkxdzR-Xi7reMrXzrwSJItV31YjbvTigGPS65dNNexbs4fJoesxG5OOjHo-oN0BHUkeBiAxZQmVeHyB7pF87kDQJpScA5YyIqeZT6b9PK9ZPWlOIYFQ9gedE4sZGetJaQJtQ2MsyopmFl271Vq6Hr-3VBfrlkwQifyiPoDTa0-gW5z3vZMT7aC10l-YANMCAr_THgaDTlPcDjAirjtLfF-mSWdvMir1aS2HuuIU6PXewuUD09qrLXlEAIU0J21X4CQ7QIZLBAJp9iywijEehK5gWt3CgEGaZc7valU5A"
}
2025-07-05 19:28:10 - 3312dc87-d00f-4f87-b285-383322658e6b - [http-nio-8081-exec-1] DEBUG c.l.a.e.handler.ResponseBodyLogger:44 - After returning controller: com.learning.auth.controller.AuthController.login, request body: {
  "token" : "eyJhbGciOiJSUzI1NiJ9.eyJ1c2VybmFtZSI6InZhcnVuQGdtYWlsLmNvbSIsInJvbGUiOiJBRE1JTiIsInN1YiI6InZhcnVuQGdtYWlsLmNvbSIsImlhdCI6MTc1MTcyMzg4OSwiZXhwIjoxNzUxNzU5ODg5fQ.HBmJaPvattsSrybg2OCuw6pZiJHyMqF2_LqBAc2mn1opEVlkxdzR-Xi7reMrXzrwSJItV31YjbvTigGPS65dNNexbs4fJoesxG5OOjHo-oN0BHUkeBiAxZQmVeHyB7pF87kDQJpScA5YyIqeZT6b9PK9ZPWlOIYFQ9gedE4sZGetJaQJtQ2MsyopmFl271Vq6Hr-3VBfrlkwQifyiPoDTa0-gW5z3vZMT7aC10l-YANMCAr_THgaDTlPcDjAirjtLfF-mSWdvMir1aS2HuuIU6PXewuUD09qrLXlEAIU0J21X4CQ7QIZLBAJp9iywijEehK5gWt3CgEGaZc7valU5A"
}
2025-07-05 19:28:10 - 3312dc87-d00f-4f87-b285-383322658e6b - [http-nio-8081-exec-1] DEBUG c.l.a.interceptor.RequestInterceptor:58 - Request processing completed for URI: /api/v1/auth/login, method: POST, duration: 385 ms
2025-07-05 19:28:10 - 3312dc87-d00f-4f87-b285-383322658e6b - [http-nio-8081-exec-1] DEBUG c.l.a.interceptor.RequestInterceptor:58 - Request processing completed for URI: /api/v1/auth/login, method: POST, duration: 385 ms
